<?xml version="1.0" encoding="UTF-8"?>
<coverage generated="1649444214876" clover="3.2.0">
  <project timestamp="1649444214876" name="All files">
    <metrics statements="172" coveredstatements="146" conditionals="300" coveredconditionals="114" methods="61" coveredmethods="38" elements="533" coveredelements="298" complexity="0" loc="172" ncloc="172" packages="7" files="23" classes="23"/>
    <package name="assets.images">
      <metrics statements="7" coveredstatements="7" conditionals="0" coveredconditionals="0" methods="0" coveredmethods="0"/>
      <file name="1.png" path="/Users/thevijaysoni/Desktop/IntellectDemo/IntellectDemo/src/assets/images/1.png">
        <metrics statements="1" coveredstatements="1" conditionals="0" coveredconditionals="0" methods="0" coveredmethods="0"/>
        <line num="1" count="1" type="stmt"/>
      </file>
      <file name="2.png" path="/Users/thevijaysoni/Desktop/IntellectDemo/IntellectDemo/src/assets/images/2.png">
        <metrics statements="1" coveredstatements="1" conditionals="0" coveredconditionals="0" methods="0" coveredmethods="0"/>
        <line num="1" count="1" type="stmt"/>
      </file>
      <file name="3.png" path="/Users/thevijaysoni/Desktop/IntellectDemo/IntellectDemo/src/assets/images/3.png">
        <metrics statements="1" coveredstatements="1" conditionals="0" coveredconditionals="0" methods="0" coveredmethods="0"/>
        <line num="1" count="1" type="stmt"/>
      </file>
      <file name="4.png" path="/Users/thevijaysoni/Desktop/IntellectDemo/IntellectDemo/src/assets/images/4.png">
        <metrics statements="1" coveredstatements="1" conditionals="0" coveredconditionals="0" methods="0" coveredmethods="0"/>
        <line num="1" count="1" type="stmt"/>
      </file>
      <file name="5.png" path="/Users/thevijaysoni/Desktop/IntellectDemo/IntellectDemo/src/assets/images/5.png">
        <metrics statements="1" coveredstatements="1" conditionals="0" coveredconditionals="0" methods="0" coveredmethods="0"/>
        <line num="1" count="1" type="stmt"/>
      </file>
      <file name="close.png" path="/Users/thevijaysoni/Desktop/IntellectDemo/IntellectDemo/src/assets/images/close.png">
        <metrics statements="1" coveredstatements="1" conditionals="0" coveredconditionals="0" methods="0" coveredmethods="0"/>
        <line num="1" count="1" type="stmt"/>
      </file>
      <file name="logo.png" path="/Users/thevijaysoni/Desktop/IntellectDemo/IntellectDemo/src/assets/images/logo.png">
        <metrics statements="1" coveredstatements="1" conditionals="0" coveredconditionals="0" methods="0" coveredmethods="0"/>
        <line num="1" count="1" type="stmt"/>
      </file>
    </package>
    <package name="components.common">
      <metrics statements="34" coveredstatements="30" conditionals="110" coveredconditionals="46" methods="22" coveredmethods="14"/>
      <file name="CommonButton.js" path="/Users/thevijaysoni/Desktop/IntellectDemo/IntellectDemo/src/components/common/CommonButton.js">
        <metrics statements="14" coveredstatements="11" conditionals="14" coveredconditionals="8" methods="3" coveredmethods="2"/>
        <line num="1" count="1" type="stmt"/>
        <line num="2" count="1" type="stmt"/>
        <line num="3" count="1" type="stmt"/>
        <line num="4" count="1" type="stmt"/>
        <line num="5" count="1" type="stmt"/>
        <line num="6" count="1" type="stmt"/>
        <line num="7" count="3" type="cond" truecount="4" falsecount="0"/>
        <line num="9" count="1" type="stmt"/>
        <line num="10" count="1" type="stmt"/>
        <line num="19" count="0" type="cond" truecount="0" falsecount="2"/>
        <line num="20" count="0" type="cond" truecount="0" falsecount="2"/>
        <line num="21" count="0" type="stmt"/>
        <line num="43" count="1" type="stmt"/>
        <line num="58" count="1" type="stmt"/>
      </file>
      <file name="CommonSlider.js" path="/Users/thevijaysoni/Desktop/IntellectDemo/IntellectDemo/src/components/common/CommonSlider.js">
        <metrics statements="11" coveredstatements="10" conditionals="16" coveredconditionals="10" methods="9" coveredmethods="6"/>
        <line num="1" count="1" type="stmt"/>
        <line num="2" count="1" type="stmt"/>
        <line num="3" count="1" type="stmt"/>
        <line num="4" count="1" type="stmt"/>
        <line num="5" count="1" type="stmt"/>
        <line num="6" count="5" type="cond" truecount="10" falsecount="6"/>
        <line num="8" count="1" type="stmt"/>
        <line num="14" count="1" type="stmt"/>
        <line num="16" count="1" type="stmt"/>
        <line num="21" count="0" type="stmt"/>
        <line num="35" count="1" type="stmt"/>
      </file>
      <file name="RegularText.js" path="/Users/thevijaysoni/Desktop/IntellectDemo/IntellectDemo/src/components/common/RegularText.js">
        <metrics statements="9" coveredstatements="9" conditionals="80" coveredconditionals="28" methods="10" coveredmethods="6"/>
        <line num="1" count="1" type="stmt"/>
        <line num="2" count="1" type="stmt"/>
        <line num="3" count="28" type="cond" truecount="25" falsecount="51"/>
        <line num="5" count="1" type="stmt"/>
        <line num="11" count="4" type="stmt"/>
        <line num="13" count="4" type="stmt"/>
        <line num="15" count="4" type="stmt"/>
        <line num="35" count="1" type="stmt"/>
        <line num="41" count="1" type="stmt"/>
      </file>
    </package>
    <package name="components.rows">
      <metrics statements="25" coveredstatements="13" conditionals="18" coveredconditionals="4" methods="6" coveredmethods="1"/>
      <file name="renderPageSecondButton.js" path="/Users/thevijaysoni/Desktop/IntellectDemo/IntellectDemo/src/components/rows/renderPageSecondButton.js">
        <metrics statements="25" coveredstatements="13" conditionals="18" coveredconditionals="4" methods="6" coveredmethods="1"/>
        <line num="1" count="1" type="stmt"/>
        <line num="2" count="1" type="stmt"/>
        <line num="3" count="1" type="stmt"/>
        <line num="4" count="1" type="stmt"/>
        <line num="5" count="2" type="cond" truecount="4" falsecount="0"/>
        <line num="7" count="1" type="stmt"/>
        <line num="8" count="1" type="stmt"/>
        <line num="9" count="1" type="stmt"/>
        <line num="10" count="1" type="stmt"/>
        <line num="11" count="1" type="stmt"/>
        <line num="12" count="1" type="stmt"/>
        <line num="14" count="0" type="stmt"/>
        <line num="16" count="0" type="stmt"/>
        <line num="18" count="0" type="stmt"/>
        <line num="19" count="0" type="stmt"/>
        <line num="22" count="0" type="stmt"/>
        <line num="23" count="0" type="stmt"/>
        <line num="24" count="0" type="stmt"/>
        <line num="27" count="0" type="stmt"/>
        <line num="32" count="0" type="cond" truecount="0" falsecount="2"/>
        <line num="39" count="0" type="cond" truecount="0" falsecount="2"/>
        <line num="41" count="0" type="stmt"/>
        <line num="46" count="0" type="stmt"/>
        <line num="58" count="1" type="stmt"/>
        <line num="71" count="1" type="stmt"/>
      </file>
    </package>
    <package name="components.screens.homeScreen">
      <metrics statements="63" coveredstatements="57" conditionals="110" coveredconditionals="46" methods="23" coveredmethods="15"/>
      <file name="index.js" path="/Users/thevijaysoni/Desktop/IntellectDemo/IntellectDemo/src/components/screens/homeScreen/index.js">
        <metrics statements="25" coveredstatements="21" conditionals="88" coveredconditionals="32" methods="14" coveredmethods="8"/>
        <line num="1" count="1" type="stmt"/>
        <line num="2" count="1" type="stmt"/>
        <line num="3" count="1" type="stmt"/>
        <line num="4" count="1" type="stmt"/>
        <line num="5" count="1" type="stmt"/>
        <line num="6" count="1" type="stmt"/>
        <line num="7" count="1" type="stmt"/>
        <line num="8" count="1" type="stmt"/>
        <line num="9" count="1" type="stmt"/>
        <line num="10" count="1" type="stmt"/>
        <line num="11" count="1" type="stmt"/>
        <line num="12" count="1" type="stmt"/>
        <line num="13" count="28" type="cond" truecount="29" falsecount="53"/>
        <line num="15" count="1" type="stmt"/>
        <line num="17" count="1" type="stmt"/>
        <line num="18" count="1" type="stmt"/>
        <line num="20" count="1" type="stmt"/>
        <line num="21" count="1" type="stmt"/>
        <line num="24" count="0" type="cond" truecount="0" falsecount="2"/>
        <line num="25" count="0" type="stmt"/>
        <line num="28" count="0" type="stmt"/>
        <line num="32" count="1" type="stmt"/>
        <line num="60" count="0" type="stmt"/>
        <line num="66" count="1" type="stmt"/>
        <line num="82" count="1" type="stmt"/>
      </file>
      <file name="page1.js" path="/Users/thevijaysoni/Desktop/IntellectDemo/IntellectDemo/src/components/screens/homeScreen/page1.js">
        <metrics statements="13" coveredstatements="13" conditionals="4" coveredconditionals="4" methods="3" coveredmethods="2"/>
        <line num="1" count="1" type="stmt"/>
        <line num="2" count="1" type="stmt"/>
        <line num="3" count="1" type="stmt"/>
        <line num="4" count="1" type="stmt"/>
        <line num="5" count="1" type="stmt"/>
        <line num="6" count="1" type="stmt"/>
        <line num="7" count="1" type="stmt"/>
        <line num="8" count="1" type="stmt"/>
        <line num="9" count="4" type="cond" truecount="4" falsecount="0"/>
        <line num="11" count="1" type="stmt"/>
        <line num="13" count="1" type="stmt"/>
        <line num="49" count="1" type="stmt"/>
        <line num="84" count="1" type="stmt"/>
      </file>
      <file name="page2.js" path="/Users/thevijaysoni/Desktop/IntellectDemo/IntellectDemo/src/components/screens/homeScreen/page2.js">
        <metrics statements="14" coveredstatements="12" conditionals="12" coveredconditionals="4" methods="2" coveredmethods="1"/>
        <line num="1" count="1" type="stmt"/>
        <line num="2" count="1" type="stmt"/>
        <line num="3" count="1" type="stmt"/>
        <line num="4" count="1" type="stmt"/>
        <line num="5" count="1" type="stmt"/>
        <line num="6" count="1" type="stmt"/>
        <line num="7" count="1" type="stmt"/>
        <line num="8" count="1" type="stmt"/>
        <line num="9" count="5" type="cond" truecount="4" falsecount="0"/>
        <line num="11" count="1" type="stmt"/>
        <line num="13" count="0" type="cond" truecount="0" falsecount="2"/>
        <line num="17" count="0" type="stmt"/>
        <line num="36" count="1" type="stmt"/>
        <line num="49" count="1" type="stmt"/>
      </file>
      <file name="pageIndicator.js" path="/Users/thevijaysoni/Desktop/IntellectDemo/IntellectDemo/src/components/screens/homeScreen/pageIndicator.js">
        <metrics statements="11" coveredstatements="11" conditionals="6" coveredconditionals="6" methods="4" coveredmethods="4"/>
        <line num="1" count="1" type="stmt"/>
        <line num="2" count="1" type="stmt"/>
        <line num="3" count="1" type="stmt"/>
        <line num="4" count="2" type="cond" truecount="4" falsecount="0"/>
        <line num="6" count="1" type="stmt"/>
        <line num="7" count="1" type="stmt"/>
        <line num="11" count="5" type="stmt"/>
        <line num="14" count="5" type="stmt"/>
        <line num="15" count="5" type="stmt"/>
        <line num="32" count="1" type="stmt"/>
        <line num="42" count="1" type="stmt"/>
      </file>
    </package>
    <package name="styles">
      <metrics statements="33" coveredstatements="29" conditionals="58" coveredconditionals="15" methods="9" coveredmethods="7"/>
      <file name="Mixins.js" path="/Users/thevijaysoni/Desktop/IntellectDemo/IntellectDemo/src/styles/Mixins.js">
        <metrics statements="10" coveredstatements="6" conditionals="44" coveredconditionals="9" methods="4" coveredmethods="2"/>
        <line num="1" count="1" type="stmt"/>
        <line num="2" count="1" type="stmt"/>
        <line num="3" count="1" type="cond" truecount="3" falsecount="1"/>
        <line num="5" count="1" type="stmt"/>
        <line num="12" count="1" type="cond" truecount="6" falsecount="6"/>
        <line num="13" count="1" type="stmt"/>
        <line num="27" count="0" type="cond" truecount="0" falsecount="12"/>
        <line num="28" count="0" type="stmt"/>
        <line num="43" count="0" type="cond" truecount="0" falsecount="16"/>
        <line num="44" count="0" type="stmt"/>
      </file>
      <file name="responsiveStyles.js" path="/Users/thevijaysoni/Desktop/IntellectDemo/IntellectDemo/src/styles/responsiveStyles.js">
        <metrics statements="15" coveredstatements="15" conditionals="14" coveredconditionals="6" methods="5" coveredmethods="5"/>
        <line num="1" count="1" type="stmt"/>
        <line num="2" count="1" type="stmt"/>
        <line num="4" count="1" type="stmt"/>
        <line num="5" count="1" type="stmt"/>
        <line num="7" count="75" type="stmt"/>
        <line num="8" count="45" type="stmt"/>
        <line num="9" count="46" type="cond" truecount="2" falsecount="2"/>
        <line num="10" count="2" type="cond" truecount="2" falsecount="2"/>
        <line num="11" count="1" type="stmt"/>
        <line num="12" count="6" type="stmt"/>
        <line num="14" count="6" type="stmt"/>
        <line num="16" count="6" type="cond" truecount="1" falsecount="1"/>
        <line num="22" count="6" type="stmt"/>
        <line num="23" count="6" type="stmt"/>
        <line num="24" count="1" type="stmt"/>
      </file>
      <file name="spacing.js" path="/Users/thevijaysoni/Desktop/IntellectDemo/IntellectDemo/src/styles/spacing.js">
        <metrics statements="5" coveredstatements="5" conditionals="0" coveredconditionals="0" methods="0" coveredmethods="0"/>
        <line num="1" count="1" type="stmt"/>
        <line num="5" count="1" type="stmt"/>
        <line num="6" count="1" type="stmt"/>
        <line num="8" count="1" type="stmt"/>
        <line num="134" count="1" type="stmt"/>
      </file>
      <file name="typography.js" path="/Users/thevijaysoni/Desktop/IntellectDemo/IntellectDemo/src/styles/typography.js">
        <metrics statements="3" coveredstatements="3" conditionals="0" coveredconditionals="0" methods="0" coveredmethods="0"/>
        <line num="1" count="1" type="stmt"/>
        <line num="2" count="1" type="stmt"/>
        <line num="9" count="1" type="stmt"/>
      </file>
    </package>
    <package name="translation">
      <metrics statements="6" coveredstatements="6" conditionals="4" coveredconditionals="3" methods="1" coveredmethods="1"/>
      <file name="english.js" path="/Users/thevijaysoni/Desktop/IntellectDemo/IntellectDemo/src/translation/english.js">
        <metrics statements="2" coveredstatements="2" conditionals="0" coveredconditionals="0" methods="0" coveredmethods="0"/>
        <line num="1" count="1" type="stmt"/>
        <line num="9" count="1" type="stmt"/>
      </file>
      <file name="language.js" path="/Users/thevijaysoni/Desktop/IntellectDemo/IntellectDemo/src/translation/language.js">
        <metrics statements="4" coveredstatements="4" conditionals="4" coveredconditionals="3" methods="1" coveredmethods="1"/>
        <line num="1" count="1" type="stmt"/>
        <line num="2" count="1" type="cond" truecount="3" falsecount="1"/>
        <line num="4" count="1" type="stmt"/>
        <line num="9" count="1" type="stmt"/>
      </file>
    </package>
    <package name="utility">
      <metrics statements="4" coveredstatements="4" conditionals="0" coveredconditionals="0" methods="0" coveredmethods="0"/>
      <file name="Colors.js" path="/Users/thevijaysoni/Desktop/IntellectDemo/IntellectDemo/src/utility/Colors.js">
        <metrics statements="2" coveredstatements="2" conditionals="0" coveredconditionals="0" methods="0" coveredmethods="0"/>
        <line num="1" count="1" type="stmt"/>
        <line num="296" count="1" type="stmt"/>
      </file>
      <file name="imageRes.js" path="/Users/thevijaysoni/Desktop/IntellectDemo/IntellectDemo/src/utility/imageRes.js">
        <metrics statements="2" coveredstatements="2" conditionals="0" coveredconditionals="0" methods="0" coveredmethods="0"/>
        <line num="1" count="1" type="stmt"/>
        <line num="8" count="1" type="stmt"/>
      </file>
    </package>
  </project>
</coverage>
