{"/Users/thevijaysoni/Desktop/IntellectDemo/IntellectDemo/src/assets/images/1.png": {"path":"/Users/thevijaysoni/Desktop/IntellectDemo/IntellectDemo/src/assets/images/1.png","statementMap":{"0":{"start":{"line":1,"column":0},"end":{"line":4,"column":6}}},"fnMap":{},"branchMap":{},"s":{"0":1},"f":{},"b":{},"inputSourceMap":null,"_coverageSchema":"1a1c01bbd47fc00a2c39e90264f33305004495a9","hash":"524e9ea28ea36c9bcd2e3667167e8e9ec061efbc"}
,"/Users/thevijaysoni/Desktop/IntellectDemo/IntellectDemo/src/assets/images/2.png": {"path":"/Users/thevijaysoni/Desktop/IntellectDemo/IntellectDemo/src/assets/images/2.png","statementMap":{"0":{"start":{"line":1,"column":0},"end":{"line":4,"column":6}}},"fnMap":{},"branchMap":{},"s":{"0":1},"f":{},"b":{},"inputSourceMap":null,"_coverageSchema":"1a1c01bbd47fc00a2c39e90264f33305004495a9","hash":"92438a2a7152e9bc91f334d0cb1c8abe7669fc9e"}
,"/Users/thevijaysoni/Desktop/IntellectDemo/IntellectDemo/src/assets/images/3.png": {"path":"/Users/thevijaysoni/Desktop/IntellectDemo/IntellectDemo/src/assets/images/3.png","statementMap":{"0":{"start":{"line":1,"column":0},"end":{"line":4,"column":6}}},"fnMap":{},"branchMap":{},"s":{"0":1},"f":{},"b":{},"inputSourceMap":null,"_coverageSchema":"1a1c01bbd47fc00a2c39e90264f33305004495a9","hash":"67b1498c2a0e893efb874e4780a81b51596ec774"}
,"/Users/thevijaysoni/Desktop/IntellectDemo/IntellectDemo/src/assets/images/4.png": {"path":"/Users/thevijaysoni/Desktop/IntellectDemo/IntellectDemo/src/assets/images/4.png","statementMap":{"0":{"start":{"line":1,"column":0},"end":{"line":4,"column":6}}},"fnMap":{},"branchMap":{},"s":{"0":1},"f":{},"b":{},"inputSourceMap":null,"_coverageSchema":"1a1c01bbd47fc00a2c39e90264f33305004495a9","hash":"7d4cc7ee27324859d0bb58261b03762bc4010717"}
,"/Users/thevijaysoni/Desktop/IntellectDemo/IntellectDemo/src/assets/images/5.png": {"path":"/Users/thevijaysoni/Desktop/IntellectDemo/IntellectDemo/src/assets/images/5.png","statementMap":{"0":{"start":{"line":1,"column":0},"end":{"line":4,"column":6}}},"fnMap":{},"branchMap":{},"s":{"0":1},"f":{},"b":{},"inputSourceMap":null,"_coverageSchema":"1a1c01bbd47fc00a2c39e90264f33305004495a9","hash":"554230c5b4887cf01578394c386e8e7717450618"}
,"/Users/thevijaysoni/Desktop/IntellectDemo/IntellectDemo/src/assets/images/close.png": {"path":"/Users/thevijaysoni/Desktop/IntellectDemo/IntellectDemo/src/assets/images/close.png","statementMap":{"0":{"start":{"line":1,"column":0},"end":{"line":4,"column":6}}},"fnMap":{},"branchMap":{},"s":{"0":1},"f":{},"b":{},"inputSourceMap":null,"_coverageSchema":"1a1c01bbd47fc00a2c39e90264f33305004495a9","hash":"9e9ceb011d099d3be4e292c462c71d991c0ff9bc"}
,"/Users/thevijaysoni/Desktop/IntellectDemo/IntellectDemo/src/assets/images/logo.png": {"path":"/Users/thevijaysoni/Desktop/IntellectDemo/IntellectDemo/src/assets/images/logo.png","statementMap":{"0":{"start":{"line":1,"column":0},"end":{"line":4,"column":6}}},"fnMap":{},"branchMap":{},"s":{"0":1},"f":{},"b":{},"inputSourceMap":null,"_coverageSchema":"1a1c01bbd47fc00a2c39e90264f33305004495a9","hash":"7f87bf991078bd2d7129033020dde406d3882419"}
,"/Users/thevijaysoni/Desktop/IntellectDemo/IntellectDemo/src/components/common/CommonButton.js": {"path":"/Users/thevijaysoni/Desktop/IntellectDemo/IntellectDemo/src/components/common/CommonButton.js","statementMap":{"0":{"start":{"line":1,"column":13},"end":{"line":1,"column":75}},"1":{"start":{"line":1,"column":75},"end":{"line":1,"column":100}},"2":{"start":{"line":1,"column":113},"end":{"line":1,"column":153}},"3":{"start":{"line":2,"column":19},"end":{"line":2,"column":42}},"4":{"start":{"line":3,"column":24},"end":{"line":3,"column":64}},"5":{"start":{"line":4,"column":15},"end":{"line":4,"column":46}},"6":{"start":{"line":5,"column":18},"end":{"line":5,"column":52}},"7":{"start":{"line":6,"column":14},"end":{"line":6,"column":69}},"8":{"start":{"line":7,"column":19},"end":{"line":7,"column":67}},"9":{"start":{"line":7,"column":80},"end":{"line":7,"column":84}},"10":{"start":{"line":7,"column":100},"end":{"line":7,"column":195}},"11":{"start":{"line":7,"column":234},"end":{"line":7,"column":288}},"12":{"start":{"line":9,"column":19},"end":{"line":40,"column":1}},"13":{"start":{"line":9,"column":70},"end":{"line":9,"column":90}},"14":{"start":{"line":9,"column":99},"end":{"line":9,"column":109}},"15":{"start":{"line":9,"column":122},"end":{"line":9,"column":136}},"16":{"start":{"line":9,"column":151},"end":{"line":9,"column":167}},"17":{"start":{"line":9,"column":184},"end":{"line":9,"column":202}},"18":{"start":{"line":9,"column":214},"end":{"line":9,"column":227}},"19":{"start":{"line":9,"column":239},"end":{"line":9,"column":252}},"20":{"start":{"line":9,"column":265},"end":{"line":9,"column":279}},"21":{"start":{"line":9,"column":291},"end":{"line":9,"column":304}},"22":{"start":{"line":10,"column":2},"end":{"line":36,"column":203}},"23":{"start":{"line":19,"column":8},"end":{"line":23,"column":9}},"24":{"start":{"line":20,"column":10},"end":{"line":22,"column":11}},"25":{"start":{"line":21,"column":12},"end":{"line":21,"column":28}},"26":{"start":{"line":43,"column":13},"end":{"line":54,"column":55}},"27":{"start":{"line":58,"column":0},"end":{"line":58,"column":12}},"28":{"start":{"line":58,"column":13},"end":{"line":58,"column":40}}},"fnMap":{"0":{"name":"_interopRequireDefault","decl":{"start":{"line":7,"column":205},"end":{"line":7,"column":227}},"loc":{"start":{"line":7,"column":233},"end":{"line":7,"column":289}},"line":7},"1":{"name":"CommonButton","decl":{"start":{"line":9,"column":28},"end":{"line":9,"column":40}},"loc":{"start":{"line":9,"column":47},"end":{"line":40,"column":1}},"line":9},"2":{"name":"onPress","decl":{"start":{"line":18,"column":24},"end":{"line":18,"column":31}},"loc":{"start":{"line":18,"column":34},"end":{"line":24,"column":7}},"line":18}},"branchMap":{"0":{"loc":{"start":{"line":7,"column":241},"end":{"line":7,"column":287}},"type":"cond-expr","locations":[{"start":{"line":7,"column":265},"end":{"line":7,"column":268}},{"start":{"line":7,"column":271},"end":{"line":7,"column":287}}],"line":7},"1":{"loc":{"start":{"line":7,"column":241},"end":{"line":7,"column":262}},"type":"binary-expr","locations":[{"start":{"line":7,"column":241},"end":{"line":7,"column":244}},{"start":{"line":7,"column":248},"end":{"line":7,"column":262}}],"line":7},"2":{"loc":{"start":{"line":16,"column":25},"end":{"line":16,"column":95}},"type":"cond-expr","locations":[{"start":{"line":16,"column":56},"end":{"line":16,"column":71}},{"start":{"line":16,"column":74},"end":{"line":16,"column":95}}],"line":16},"3":{"loc":{"start":{"line":19,"column":8},"end":{"line":23,"column":9}},"type":"if","locations":[{"start":{"line":19,"column":8},"end":{"line":23,"column":9}},{"start":{},"end":{}}],"line":19},"4":{"loc":{"start":{"line":20,"column":10},"end":{"line":22,"column":11}},"type":"if","locations":[{"start":{"line":20,"column":10},"end":{"line":22,"column":11}},{"start":{},"end":{}}],"line":20},"5":{"loc":{"start":{"line":27,"column":4},"end":{"line":31,"column":151}},"type":"binary-expr","locations":[{"start":{"line":27,"column":4},"end":{"line":27,"column":13}},{"start":{"line":28,"column":4},"end":{"line":31,"column":151}}],"line":27},"6":{"loc":{"start":{"line":35,"column":4},"end":{"line":36,"column":200}},"type":"binary-expr","locations":[{"start":{"line":35,"column":4},"end":{"line":35,"column":20}},{"start":{"line":36,"column":4},"end":{"line":36,"column":200}}],"line":35}},"s":{"0":1,"1":1,"2":1,"3":1,"4":1,"5":1,"6":1,"7":1,"8":1,"9":1,"10":1,"11":3,"12":1,"13":1,"14":1,"15":1,"16":1,"17":1,"18":1,"19":1,"20":1,"21":1,"22":1,"23":0,"24":0,"25":0,"26":1,"27":1,"28":1},"f":{"0":3,"1":1,"2":0},"b":{"0":[2,1],"1":[3,3],"2":[0,1],"3":[0,0],"4":[0,0],"5":[1,1],"6":[1,0]},"inputSourceMap":null,"_coverageSchema":"1a1c01bbd47fc00a2c39e90264f33305004495a9","hash":"1f379a030d782c0341a977b59cf2e6f177cdfd07"}
,"/Users/thevijaysoni/Desktop/IntellectDemo/IntellectDemo/src/components/common/CommonSlider.js": {"path":"/Users/thevijaysoni/Desktop/IntellectDemo/IntellectDemo/src/components/common/CommonSlider.js","statementMap":{"0":{"start":{"line":1,"column":13},"end":{"line":1,"column":75}},"1":{"start":{"line":1,"column":75},"end":{"line":1,"column":100}},"2":{"start":{"line":1,"column":113},"end":{"line":1,"column":153}},"3":{"start":{"line":2,"column":19},"end":{"line":2,"column":42}},"4":{"start":{"line":3,"column":25},"end":{"line":3,"column":79}},"5":{"start":{"line":4,"column":14},"end":{"line":4,"column":44}},"6":{"start":{"line":5,"column":15},"end":{"line":5,"column":46}},"7":{"start":{"line":6,"column":14},"end":{"line":6,"column":69}},"8":{"start":{"line":6,"column":82},"end":{"line":6,"column":86}},"9":{"start":{"line":6,"column":102},"end":{"line":6,"column":197}},"10":{"start":{"line":6,"column":236},"end":{"line":6,"column":290}},"11":{"start":{"line":6,"column":344},"end":{"line":6,"column":363}},"12":{"start":{"line":6,"column":364},"end":{"line":6,"column":610}},"13":{"start":{"line":6,"column":413},"end":{"line":6,"column":449}},"14":{"start":{"line":6,"column":450},"end":{"line":6,"column":609}},"15":{"start":{"line":6,"column":510},"end":{"line":6,"column":573}},"16":{"start":{"line":6,"column":610},"end":{"line":6,"column":622}},"17":{"start":{"line":6,"column":655},"end":{"line":6,"column":1104}},"18":{"start":{"line":6,"column":668},"end":{"line":6,"column":669}},"19":{"start":{"line":6,"column":712},"end":{"line":6,"column":752}},"20":{"start":{"line":6,"column":753},"end":{"line":6,"column":1103}},"21":{"start":{"line":6,"column":813},"end":{"line":6,"column":855}},"22":{"start":{"line":6,"column":1019},"end":{"line":6,"column":1100}},"23":{"start":{"line":6,"column":1104},"end":{"line":6,"column":1118}},"24":{"start":{"line":6,"column":1162},"end":{"line":6,"column":1309}},"25":{"start":{"line":6,"column":1179},"end":{"line":6,"column":1283}},"26":{"start":{"line":6,"column":1291},"end":{"line":6,"column":1308}},"27":{"start":{"line":6,"column":1309},"end":{"line":6,"column":1320}},"28":{"start":{"line":8,"column":19},"end":{"line":33,"column":1}},"29":{"start":{"line":14,"column":16},"end":{"line":14,"column":29}},"30":{"start":{"line":14,"column":41},"end":{"line":14,"column":54}},"31":{"start":{"line":14,"column":63},"end":{"line":14,"column":73}},"32":{"start":{"line":14,"column":84},"end":{"line":14,"column":96}},"33":{"start":{"line":14,"column":105},"end":{"line":14,"column":115}},"34":{"start":{"line":16,"column":2},"end":{"line":29,"column":152}},"35":{"start":{"line":21,"column":50},"end":{"line":21,"column":70}},"36":{"start":{"line":35,"column":0},"end":{"line":35,"column":12}},"37":{"start":{"line":35,"column":13},"end":{"line":35,"column":40}}},"fnMap":{"0":{"name":"_interopRequireDefault","decl":{"start":{"line":6,"column":207},"end":{"line":6,"column":229}},"loc":{"start":{"line":6,"column":235},"end":{"line":6,"column":291}},"line":6},"1":{"name":"ownKeys","decl":{"start":{"line":6,"column":300},"end":{"line":6,"column":307}},"loc":{"start":{"line":6,"column":332},"end":{"line":6,"column":623}},"line":6},"2":{"name":"(anonymous_2)","decl":{"start":{"line":6,"column":494},"end":{"line":6,"column":495}},"loc":{"start":{"line":6,"column":509},"end":{"line":6,"column":574}},"line":6},"3":{"name":"_objectSpread","decl":{"start":{"line":6,"column":632},"end":{"line":6,"column":645}},"loc":{"start":{"line":6,"column":654},"end":{"line":6,"column":1119}},"line":6},"4":{"name":"(anonymous_4)","decl":{"start":{"line":6,"column":797},"end":{"line":6,"column":798}},"loc":{"start":{"line":6,"column":812},"end":{"line":6,"column":856}},"line":6},"5":{"name":"(anonymous_5)","decl":{"start":{"line":6,"column":1003},"end":{"line":6,"column":1004}},"loc":{"start":{"line":6,"column":1018},"end":{"line":6,"column":1101}},"line":6},"6":{"name":"_defineProperty","decl":{"start":{"line":6,"column":1128},"end":{"line":6,"column":1143}},"loc":{"start":{"line":6,"column":1161},"end":{"line":6,"column":1321}},"line":6},"7":{"name":"CommonSlider","decl":{"start":{"line":8,"column":28},"end":{"line":8,"column":40}},"loc":{"start":{"line":14,"column":0},"end":{"line":33,"column":1}},"line":14},"8":{"name":"onValueChange","decl":{"start":{"line":21,"column":30},"end":{"line":21,"column":43}},"loc":{"start":{"line":21,"column":49},"end":{"line":21,"column":71}},"line":21}},"branchMap":{"0":{"loc":{"start":{"line":6,"column":243},"end":{"line":6,"column":289}},"type":"cond-expr","locations":[{"start":{"line":6,"column":267},"end":{"line":6,"column":270}},{"start":{"line":6,"column":273},"end":{"line":6,"column":289}}],"line":6},"1":{"loc":{"start":{"line":6,"column":243},"end":{"line":6,"column":264}},"type":"binary-expr","locations":[{"start":{"line":6,"column":243},"end":{"line":6,"column":246}},{"start":{"line":6,"column":250},"end":{"line":6,"column":264}}],"line":6},"2":{"loc":{"start":{"line":6,"column":364},"end":{"line":6,"column":610}},"type":"if","locations":[{"start":{"line":6,"column":364},"end":{"line":6,"column":610}},{"start":{},"end":{}}],"line":6},"3":{"loc":{"start":{"line":6,"column":450},"end":{"line":6,"column":576}},"type":"binary-expr","locations":[{"start":{"line":6,"column":450},"end":{"line":6,"column":464}},{"start":{"line":6,"column":469},"end":{"line":6,"column":575}}],"line":6},"4":{"loc":{"start":{"line":6,"column":712},"end":{"line":6,"column":752}},"type":"cond-expr","locations":[{"start":{"line":6,"column":735},"end":{"line":6,"column":747}},{"start":{"line":6,"column":750},"end":{"line":6,"column":752}}],"line":6},"5":{"loc":{"start":{"line":6,"column":753},"end":{"line":6,"column":1102}},"type":"cond-expr","locations":[{"start":{"line":6,"column":761},"end":{"line":6,"column":857}},{"start":{"line":6,"column":860},"end":{"line":6,"column":1102}}],"line":6},"6":{"loc":{"start":{"line":6,"column":860},"end":{"line":6,"column":1102}},"type":"cond-expr","locations":[{"start":{"line":6,"column":895},"end":{"line":6,"column":968}},{"start":{"line":6,"column":971},"end":{"line":6,"column":1102}}],"line":6},"7":{"loc":{"start":{"line":6,"column":1162},"end":{"line":6,"column":1309}},"type":"if","locations":[{"start":{"line":6,"column":1162},"end":{"line":6,"column":1309}},{"start":{"line":6,"column":1290},"end":{"line":6,"column":1309}}],"line":6}},"s":{"0":1,"1":1,"2":1,"3":1,"4":1,"5":1,"6":1,"7":1,"8":1,"9":1,"10":3,"11":1,"12":1,"13":1,"14":1,"15":0,"16":1,"17":1,"18":1,"19":1,"20":1,"21":5,"22":0,"23":1,"24":5,"25":0,"26":5,"27":5,"28":1,"29":1,"30":1,"31":1,"32":1,"33":1,"34":1,"35":0,"36":1,"37":1},"f":{"0":3,"1":1,"2":0,"3":1,"4":5,"5":0,"6":5,"7":1,"8":0},"b":{"0":[2,1],"1":[3,3],"2":[1,0],"3":[1,1],"4":[1,0],"5":[1,0],"6":[0,0],"7":[0,5]},"inputSourceMap":null,"_coverageSchema":"1a1c01bbd47fc00a2c39e90264f33305004495a9","hash":"b3baa37d0b0c6745943112a1ff9e54e93de1f994"}
,"/Users/thevijaysoni/Desktop/IntellectDemo/IntellectDemo/src/components/common/RegularText.js": {"path":"/Users/thevijaysoni/Desktop/IntellectDemo/IntellectDemo/src/components/common/RegularText.js","statementMap":{"0":{"start":{"line":1,"column":13},"end":{"line":1,"column":75}},"1":{"start":{"line":1,"column":75},"end":{"line":1,"column":100}},"2":{"start":{"line":1,"column":113},"end":{"line":1,"column":154}},"3":{"start":{"line":2,"column":19},"end":{"line":2,"column":42}},"4":{"start":{"line":3,"column":18},"end":{"line":3,"column":52}},"5":{"start":{"line":3,"column":65},"end":{"line":3,"column":69}},"6":{"start":{"line":3,"column":85},"end":{"line":3,"column":179}},"7":{"start":{"line":3,"column":228},"end":{"line":3,"column":275}},"8":{"start":{"line":3,"column":263},"end":{"line":3,"column":275}},"9":{"start":{"line":3,"column":299},"end":{"line":3,"column":312}},"10":{"start":{"line":3,"column":336},"end":{"line":3,"column":349}},"11":{"start":{"line":3,"column":350},"end":{"line":3,"column":507}},"12":{"start":{"line":3,"column":433},"end":{"line":3,"column":491}},"13":{"start":{"line":3,"column":560},"end":{"line":3,"column":616}},"14":{"start":{"line":3,"column":604},"end":{"line":3,"column":615}},"15":{"start":{"line":3,"column":616},"end":{"line":3,"column":716}},"16":{"start":{"line":3,"column":691},"end":{"line":3,"column":715}},"17":{"start":{"line":3,"column":728},"end":{"line":3,"column":765}},"18":{"start":{"line":3,"column":766},"end":{"line":3,"column":819}},"19":{"start":{"line":3,"column":796},"end":{"line":3,"column":818}},"20":{"start":{"line":3,"column":832},"end":{"line":3,"column":834}},"21":{"start":{"line":3,"column":863},"end":{"line":3,"column":919}},"22":{"start":{"line":3,"column":920},"end":{"line":3,"column":1212}},"23":{"start":{"line":3,"column":942},"end":{"line":3,"column":1211}},"24":{"start":{"line":3,"column":1027},"end":{"line":3,"column":1099}},"25":{"start":{"line":3,"column":1100},"end":{"line":3,"column":1210}},"26":{"start":{"line":3,"column":1137},"end":{"line":3,"column":1178}},"27":{"start":{"line":3,"column":1186},"end":{"line":3,"column":1209}},"28":{"start":{"line":3,"column":1212},"end":{"line":3,"column":1233}},"29":{"start":{"line":3,"column":1233},"end":{"line":3,"column":1269}},"30":{"start":{"line":3,"column":1245},"end":{"line":3,"column":1268}},"31":{"start":{"line":3,"column":1269},"end":{"line":3,"column":1283}},"32":{"start":{"line":3,"column":1317},"end":{"line":3,"column":1439}},"33":{"start":{"line":3,"column":1469},"end":{"line":3,"column":1630}},"34":{"start":{"line":3,"column":1680},"end":{"line":3,"column":1695}},"35":{"start":{"line":3,"column":1688},"end":{"line":3,"column":1695}},"36":{"start":{"line":3,"column":1695},"end":{"line":3,"column":1758}},"37":{"start":{"line":3,"column":1722},"end":{"line":3,"column":1758}},"38":{"start":{"line":3,"column":1766},"end":{"line":3,"column":1812}},"39":{"start":{"line":3,"column":1813},"end":{"line":3,"column":1873}},"40":{"start":{"line":3,"column":1850},"end":{"line":3,"column":1873}},"41":{"start":{"line":3,"column":1873},"end":{"line":3,"column":1926}},"42":{"start":{"line":3,"column":1905},"end":{"line":3,"column":1926}},"43":{"start":{"line":3,"column":1926},"end":{"line":3,"column":2039}},"44":{"start":{"line":3,"column":2003},"end":{"line":3,"column":2039}},"45":{"start":{"line":3,"column":2078},"end":{"line":3,"column":2132}},"46":{"start":{"line":3,"column":2115},"end":{"line":3,"column":2132}},"47":{"start":{"line":3,"column":2132},"end":{"line":3,"column":2204}},"48":{"start":{"line":3,"column":2145},"end":{"line":3,"column":2146}},"49":{"start":{"line":3,"column":2155},"end":{"line":3,"column":2169}},"50":{"start":{"line":3,"column":2186},"end":{"line":3,"column":2203}},"51":{"start":{"line":3,"column":2204},"end":{"line":3,"column":2216}},"52":{"start":{"line":3,"column":2266},"end":{"line":3,"column":2361}},"53":{"start":{"line":3,"column":2362},"end":{"line":3,"column":2385}},"54":{"start":{"line":3,"column":2378},"end":{"line":3,"column":2385}},"55":{"start":{"line":3,"column":2396},"end":{"line":3,"column":2398}},"56":{"start":{"line":3,"column":2408},"end":{"line":3,"column":2412}},"57":{"start":{"line":3,"column":2422},"end":{"line":3,"column":2427}},"58":{"start":{"line":3,"column":2439},"end":{"line":3,"column":2694}},"59":{"start":{"line":3,"column":2444},"end":{"line":3,"column":2566}},"60":{"start":{"line":3,"column":2511},"end":{"line":3,"column":2531}},"61":{"start":{"line":3,"column":2531},"end":{"line":3,"column":2565}},"62":{"start":{"line":3,"column":2559},"end":{"line":3,"column":2565}},"63":{"start":{"line":3,"column":2581},"end":{"line":3,"column":2591}},"64":{"start":{"line":3,"column":2591},"end":{"line":3,"column":2600}},"65":{"start":{"line":3,"column":2611},"end":{"line":3,"column":2693}},"66":{"start":{"line":3,"column":2616},"end":{"line":3,"column":2664}},"67":{"start":{"line":3,"column":2649},"end":{"line":3,"column":2664}},"68":{"start":{"line":3,"column":2675},"end":{"line":3,"column":2692}},"69":{"start":{"line":3,"column":2683},"end":{"line":3,"column":2692}},"70":{"start":{"line":3,"column":2694},"end":{"line":3,"column":2706}},"71":{"start":{"line":3,"column":2738},"end":{"line":3,"column":2773}},"72":{"start":{"line":3,"column":2762},"end":{"line":3,"column":2773}},"73":{"start":{"line":5,"column":18},"end":{"line":33,"column":1}},"74":{"start":{"line":11,"column":13},"end":{"line":11,"column":23}},"75":{"start":{"line":11,"column":32},"end":{"line":11,"column":42}},"76":{"start":{"line":11,"column":56},"end":{"line":11,"column":71}},"77":{"start":{"line":11,"column":88},"end":{"line":11,"column":106}},"78":{"start":{"line":11,"column":119},"end":{"line":11,"column":133}},"79":{"start":{"line":13,"column":18},"end":{"line":13,"column":44}},"80":{"start":{"line":13,"column":58},"end":{"line":13,"column":86}},"81":{"start":{"line":13,"column":99},"end":{"line":13,"column":112}},"82":{"start":{"line":13,"column":128},"end":{"line":13,"column":141}},"83":{"start":{"line":15,"column":2},"end":{"line":28,"column":13}},"84":{"start":{"line":35,"column":13},"end":{"line":37,"column":33}},"85":{"start":{"line":41,"column":0},"end":{"line":41,"column":11}},"86":{"start":{"line":41,"column":12},"end":{"line":41,"column":39}}},"fnMap":{"0":{"name":"_getRequireWildcardCache","decl":{"start":{"line":3,"column":189},"end":{"line":3,"column":213}},"loc":{"start":{"line":3,"column":227},"end":{"line":3,"column":508}},"line":3},"1":{"name":"_getRequireWildcardCache","decl":{"start":{"line":3,"column":394},"end":{"line":3,"column":418}},"loc":{"start":{"line":3,"column":432},"end":{"line":3,"column":492}},"line":3},"2":{"name":"_interopRequireWildcard","decl":{"start":{"line":3,"column":517},"end":{"line":3,"column":540}},"loc":{"start":{"line":3,"column":559},"end":{"line":3,"column":1284}},"line":3},"3":{"name":"_slicedToArray","decl":{"start":{"line":3,"column":1293},"end":{"line":3,"column":1307}},"loc":{"start":{"line":3,"column":1316},"end":{"line":3,"column":1440}},"line":3},"4":{"name":"_nonIterableRest","decl":{"start":{"line":3,"column":1449},"end":{"line":3,"column":1465}},"loc":{"start":{"line":3,"column":1468},"end":{"line":3,"column":1631}},"line":3},"5":{"name":"_unsupportedIterableToArray","decl":{"start":{"line":3,"column":1640},"end":{"line":3,"column":1667}},"loc":{"start":{"line":3,"column":1679},"end":{"line":3,"column":2040}},"line":3},"6":{"name":"_arrayLikeToArray","decl":{"start":{"line":3,"column":2049},"end":{"line":3,"column":2066}},"loc":{"start":{"line":3,"column":2077},"end":{"line":3,"column":2217}},"line":3},"7":{"name":"_iterableToArrayLimit","decl":{"start":{"line":3,"column":2226},"end":{"line":3,"column":2247}},"loc":{"start":{"line":3,"column":2256},"end":{"line":3,"column":2707}},"line":3},"8":{"name":"_arrayWithHoles","decl":{"start":{"line":3,"column":2716},"end":{"line":3,"column":2731}},"loc":{"start":{"line":3,"column":2737},"end":{"line":3,"column":2774}},"line":3},"9":{"name":"RegularText","decl":{"start":{"line":5,"column":27},"end":{"line":5,"column":38}},"loc":{"start":{"line":11,"column":0},"end":{"line":33,"column":1}},"line":11}},"branchMap":{"0":{"loc":{"start":{"line":3,"column":228},"end":{"line":3,"column":275}},"type":"if","locations":[{"start":{"line":3,"column":228},"end":{"line":3,"column":275}},{"start":{},"end":{}}],"line":3},"1":{"loc":{"start":{"line":3,"column":440},"end":{"line":3,"column":490}},"type":"cond-expr","locations":[{"start":{"line":3,"column":454},"end":{"line":3,"column":470}},{"start":{"line":3,"column":473},"end":{"line":3,"column":490}}],"line":3},"2":{"loc":{"start":{"line":3,"column":560},"end":{"line":3,"column":616}},"type":"if","locations":[{"start":{"line":3,"column":560},"end":{"line":3,"column":616}},{"start":{},"end":{}}],"line":3},"3":{"loc":{"start":{"line":3,"column":564},"end":{"line":3,"column":601}},"type":"binary-expr","locations":[{"start":{"line":3,"column":564},"end":{"line":3,"column":576}},{"start":{"line":3,"column":580},"end":{"line":3,"column":583}},{"start":{"line":3,"column":587},"end":{"line":3,"column":601}}],"line":3},"4":{"loc":{"start":{"line":3,"column":616},"end":{"line":3,"column":716}},"type":"if","locations":[{"start":{"line":3,"column":616},"end":{"line":3,"column":716}},{"start":{},"end":{}}],"line":3},"5":{"loc":{"start":{"line":3,"column":620},"end":{"line":3,"column":688}},"type":"binary-expr","locations":[{"start":{"line":3,"column":620},"end":{"line":3,"column":632}},{"start":{"line":3,"column":636},"end":{"line":3,"column":659}},{"start":{"line":3,"column":663},"end":{"line":3,"column":688}}],"line":3},"6":{"loc":{"start":{"line":3,"column":766},"end":{"line":3,"column":819}},"type":"if","locations":[{"start":{"line":3,"column":766},"end":{"line":3,"column":819}},{"start":{},"end":{}}],"line":3},"7":{"loc":{"start":{"line":3,"column":770},"end":{"line":3,"column":793}},"type":"binary-expr","locations":[{"start":{"line":3,"column":770},"end":{"line":3,"column":775}},{"start":{"line":3,"column":779},"end":{"line":3,"column":793}}],"line":3},"8":{"loc":{"start":{"line":3,"column":863},"end":{"line":3,"column":919}},"type":"binary-expr","locations":[{"start":{"line":3,"column":863},"end":{"line":3,"column":884}},{"start":{"line":3,"column":888},"end":{"line":3,"column":919}}],"line":3},"9":{"loc":{"start":{"line":3,"column":942},"end":{"line":3,"column":1211}},"type":"if","locations":[{"start":{"line":3,"column":942},"end":{"line":3,"column":1211}},{"start":{},"end":{}}],"line":3},"10":{"loc":{"start":{"line":3,"column":946},"end":{"line":3,"column":1013}},"type":"binary-expr","locations":[{"start":{"line":3,"column":946},"end":{"line":3,"column":963}},{"start":{"line":3,"column":967},"end":{"line":3,"column":1013}}],"line":3},"11":{"loc":{"start":{"line":3,"column":1027},"end":{"line":3,"column":1099}},"type":"cond-expr","locations":[{"start":{"line":3,"column":1051},"end":{"line":3,"column":1092}},{"start":{"line":3,"column":1095},"end":{"line":3,"column":1099}}],"line":3},"12":{"loc":{"start":{"line":3,"column":1100},"end":{"line":3,"column":1210}},"type":"if","locations":[{"start":{"line":3,"column":1100},"end":{"line":3,"column":1210}},{"start":{"line":3,"column":1185},"end":{"line":3,"column":1210}}],"line":3},"13":{"loc":{"start":{"line":3,"column":1104},"end":{"line":3,"column":1134}},"type":"binary-expr","locations":[{"start":{"line":3,"column":1104},"end":{"line":3,"column":1108}},{"start":{"line":3,"column":1113},"end":{"line":3,"column":1121}},{"start":{"line":3,"column":1125},"end":{"line":3,"column":1133}}],"line":3},"14":{"loc":{"start":{"line":3,"column":1233},"end":{"line":3,"column":1269}},"type":"if","locations":[{"start":{"line":3,"column":1233},"end":{"line":3,"column":1269}},{"start":{},"end":{}}],"line":3},"15":{"loc":{"start":{"line":3,"column":1324},"end":{"line":3,"column":1438}},"type":"binary-expr","locations":[{"start":{"line":3,"column":1324},"end":{"line":3,"column":1344}},{"start":{"line":3,"column":1348},"end":{"line":3,"column":1377}},{"start":{"line":3,"column":1381},"end":{"line":3,"column":1416}},{"start":{"line":3,"column":1420},"end":{"line":3,"column":1438}}],"line":3},"16":{"loc":{"start":{"line":3,"column":1680},"end":{"line":3,"column":1695}},"type":"if","locations":[{"start":{"line":3,"column":1680},"end":{"line":3,"column":1695}},{"start":{},"end":{}}],"line":3},"17":{"loc":{"start":{"line":3,"column":1695},"end":{"line":3,"column":1758}},"type":"if","locations":[{"start":{"line":3,"column":1695},"end":{"line":3,"column":1758}},{"start":{},"end":{}}],"line":3},"18":{"loc":{"start":{"line":3,"column":1813},"end":{"line":3,"column":1873}},"type":"if","locations":[{"start":{"line":3,"column":1813},"end":{"line":3,"column":1873}},{"start":{},"end":{}}],"line":3},"19":{"loc":{"start":{"line":3,"column":1817},"end":{"line":3,"column":1848}},"type":"binary-expr","locations":[{"start":{"line":3,"column":1817},"end":{"line":3,"column":1831}},{"start":{"line":3,"column":1835},"end":{"line":3,"column":1848}}],"line":3},"20":{"loc":{"start":{"line":3,"column":1873},"end":{"line":3,"column":1926}},"type":"if","locations":[{"start":{"line":3,"column":1873},"end":{"line":3,"column":1926}},{"start":{},"end":{}}],"line":3},"21":{"loc":{"start":{"line":3,"column":1877},"end":{"line":3,"column":1903}},"type":"binary-expr","locations":[{"start":{"line":3,"column":1877},"end":{"line":3,"column":1888}},{"start":{"line":3,"column":1892},"end":{"line":3,"column":1903}}],"line":3},"22":{"loc":{"start":{"line":3,"column":1926},"end":{"line":3,"column":2039}},"type":"if","locations":[{"start":{"line":3,"column":1926},"end":{"line":3,"column":2039}},{"start":{},"end":{}}],"line":3},"23":{"loc":{"start":{"line":3,"column":1930},"end":{"line":3,"column":2001}},"type":"binary-expr","locations":[{"start":{"line":3,"column":1930},"end":{"line":3,"column":1947}},{"start":{"line":3,"column":1951},"end":{"line":3,"column":2001}}],"line":3},"24":{"loc":{"start":{"line":3,"column":2078},"end":{"line":3,"column":2132}},"type":"if","locations":[{"start":{"line":3,"column":2078},"end":{"line":3,"column":2132}},{"start":{},"end":{}}],"line":3},"25":{"loc":{"start":{"line":3,"column":2082},"end":{"line":3,"column":2113}},"type":"binary-expr","locations":[{"start":{"line":3,"column":2082},"end":{"line":3,"column":2093}},{"start":{"line":3,"column":2097},"end":{"line":3,"column":2113}}],"line":3},"26":{"loc":{"start":{"line":3,"column":2266},"end":{"line":3,"column":2361}},"type":"cond-expr","locations":[{"start":{"line":3,"column":2280},"end":{"line":3,"column":2284}},{"start":{"line":3,"column":2287},"end":{"line":3,"column":2361}}],"line":3},"27":{"loc":{"start":{"line":3,"column":2287},"end":{"line":3,"column":2361}},"type":"binary-expr","locations":[{"start":{"line":3,"column":2287},"end":{"line":3,"column":2316}},{"start":{"line":3,"column":2320},"end":{"line":3,"column":2340}},{"start":{"line":3,"column":2344},"end":{"line":3,"column":2361}}],"line":3},"28":{"loc":{"start":{"line":3,"column":2362},"end":{"line":3,"column":2385}},"type":"if","locations":[{"start":{"line":3,"column":2362},"end":{"line":3,"column":2385}},{"start":{},"end":{}}],"line":3},"29":{"loc":{"start":{"line":3,"column":2531},"end":{"line":3,"column":2565}},"type":"if","locations":[{"start":{"line":3,"column":2531},"end":{"line":3,"column":2565}},{"start":{},"end":{}}],"line":3},"30":{"loc":{"start":{"line":3,"column":2535},"end":{"line":3,"column":2557}},"type":"binary-expr","locations":[{"start":{"line":3,"column":2535},"end":{"line":3,"column":2536}},{"start":{"line":3,"column":2540},"end":{"line":3,"column":2557}}],"line":3},"31":{"loc":{"start":{"line":3,"column":2616},"end":{"line":3,"column":2664}},"type":"if","locations":[{"start":{"line":3,"column":2616},"end":{"line":3,"column":2664}},{"start":{},"end":{}}],"line":3},"32":{"loc":{"start":{"line":3,"column":2620},"end":{"line":3,"column":2647}},"type":"binary-expr","locations":[{"start":{"line":3,"column":2620},"end":{"line":3,"column":2623}},{"start":{"line":3,"column":2627},"end":{"line":3,"column":2647}}],"line":3},"33":{"loc":{"start":{"line":3,"column":2675},"end":{"line":3,"column":2692}},"type":"if","locations":[{"start":{"line":3,"column":2675},"end":{"line":3,"column":2692}},{"start":{},"end":{}}],"line":3},"34":{"loc":{"start":{"line":3,"column":2738},"end":{"line":3,"column":2773}},"type":"if","locations":[{"start":{"line":3,"column":2738},"end":{"line":3,"column":2773}},{"start":{},"end":{}}],"line":3},"35":{"loc":{"start":{"line":18,"column":21},"end":{"line":18,"column":69}},"type":"cond-expr","locations":[{"start":{"line":18,"column":50},"end":{"line":18,"column":63}},{"start":{"line":18,"column":66},"end":{"line":18,"column":69}}],"line":18},"36":{"loc":{"start":{"line":22,"column":20},"end":{"line":22,"column":100}},"type":"cond-expr","locations":[{"start":{"line":22,"column":46},"end":{"line":22,"column":56}},{"start":{"line":22,"column":59},"end":{"line":22,"column":100}}],"line":22}},"s":{"0":1,"1":1,"2":1,"3":1,"4":1,"5":1,"6":1,"7":1,"8":0,"9":1,"10":1,"11":1,"12":1,"13":1,"14":0,"15":1,"16":0,"17":1,"18":1,"19":0,"20":1,"21":1,"22":1,"23":28,"24":28,"25":28,"26":0,"27":28,"28":1,"29":1,"30":1,"31":1,"32":4,"33":0,"34":0,"35":0,"36":0,"37":0,"38":0,"39":0,"40":0,"41":0,"42":0,"43":0,"44":0,"45":0,"46":0,"47":0,"48":0,"49":0,"50":0,"51":0,"52":0,"53":0,"54":0,"55":0,"56":0,"57":0,"58":0,"59":0,"60":0,"61":0,"62":0,"63":0,"64":0,"65":0,"66":0,"67":0,"68":0,"69":0,"70":0,"71":4,"72":4,"73":1,"74":4,"75":4,"76":4,"77":4,"78":4,"79":4,"80":4,"81":4,"82":4,"83":4,"84":1,"85":1,"86":1},"f":{"0":1,"1":1,"2":1,"3":4,"4":0,"5":0,"6":0,"7":0,"8":4,"9":4},"b":{"0":[0,1],"1":[0,1],"2":[0,1],"3":[1,1,1],"4":[0,1],"5":[1,1,0],"6":[0,1],"7":[1,1],"8":[1,1],"9":[28,0],"10":[28,28],"11":[28,0],"12":[0,28],"13":[28,28,28],"14":[1,0],"15":[4,0,0,0],"16":[0,0],"17":[0,0],"18":[0,0],"19":[0,0],"20":[0,0],"21":[0,0],"22":[0,0],"23":[0,0],"24":[0,0],"25":[0,0],"26":[0,0],"27":[0,0,0],"28":[0,0],"29":[0,0],"30":[0,0],"31":[0,0],"32":[0,0],"33":[0,0],"34":[4,0],"35":[0,4],"36":[3,1]},"inputSourceMap":null,"_coverageSchema":"1a1c01bbd47fc00a2c39e90264f33305004495a9","hash":"7b55eaff19150466d5b6106e31759ba454d2ace7"}
,"/Users/thevijaysoni/Desktop/IntellectDemo/IntellectDemo/src/components/rows/renderPageSecondButton.js": {"path":"/Users/thevijaysoni/Desktop/IntellectDemo/IntellectDemo/src/components/rows/renderPageSecondButton.js","statementMap":{"0":{"start":{"line":1,"column":13},"end":{"line":1,"column":75}},"1":{"start":{"line":1,"column":75},"end":{"line":1,"column":100}},"2":{"start":{"line":1,"column":113},"end":{"line":1,"column":153}},"3":{"start":{"line":2,"column":19},"end":{"line":2,"column":42}},"4":{"start":{"line":3,"column":24},"end":{"line":3,"column":64}},"5":{"start":{"line":4,"column":15},"end":{"line":4,"column":46}},"6":{"start":{"line":5,"column":14},"end":{"line":5,"column":69}},"7":{"start":{"line":5,"column":89},"end":{"line":5,"column":192}},"8":{"start":{"line":5,"column":231},"end":{"line":5,"column":285}},"9":{"start":{"line":7,"column":24},"end":{"line":7,"column":27}},"10":{"start":{"line":8,"column":19},"end":{"line":8,"column":66}},"11":{"start":{"line":9,"column":19},"end":{"line":9,"column":51}},"12":{"start":{"line":10,"column":19},"end":{"line":10,"column":51}},"13":{"start":{"line":11,"column":19},"end":{"line":11,"column":51}},"14":{"start":{"line":12,"column":19},"end":{"line":12,"column":51}},"15":{"start":{"line":14,"column":41},"end":{"line":14,"column":51}},"16":{"start":{"line":14,"column":65},"end":{"line":14,"column":80}},"17":{"start":{"line":14,"column":97},"end":{"line":14,"column":115}},"18":{"start":{"line":16,"column":28},"end":{"line":16,"column":62}},"19":{"start":{"line":18,"column":18},"end":{"line":20,"column":3}},"20":{"start":{"line":19,"column":4},"end":{"line":19,"column":103}},"21":{"start":{"line":22,"column":20},"end":{"line":25,"column":3}},"22":{"start":{"line":23,"column":4},"end":{"line":23,"column":101}},"23":{"start":{"line":24,"column":4},"end":{"line":24,"column":25}},"24":{"start":{"line":27,"column":27},"end":{"line":28,"column":49}},"25":{"start":{"line":32,"column":2},"end":{"line":37,"column":14}},"26":{"start":{"line":39,"column":17},"end":{"line":39,"column":51}},"27":{"start":{"line":41,"column":2},"end":{"line":52,"column":178}},"28":{"start":{"line":46,"column":41},"end":{"line":46,"column":67}},"29":{"start":{"line":58,"column":13},"end":{"line":67,"column":49}},"30":{"start":{"line":71,"column":0},"end":{"line":71,"column":12}},"31":{"start":{"line":71,"column":13},"end":{"line":71,"column":40}}},"fnMap":{"0":{"name":"_interopRequireDefault","decl":{"start":{"line":5,"column":202},"end":{"line":5,"column":224}},"loc":{"start":{"line":5,"column":230},"end":{"line":5,"column":286}},"line":5},"1":{"name":"RenderButton","decl":{"start":{"line":14,"column":9},"end":{"line":14,"column":21}},"loc":{"start":{"line":14,"column":28},"end":{"line":56,"column":1}},"line":14},"2":{"name":"onPressIn","decl":{"start":{"line":18,"column":27},"end":{"line":18,"column":36}},"loc":{"start":{"line":18,"column":39},"end":{"line":20,"column":3}},"line":18},"3":{"name":"onPressOut","decl":{"start":{"line":22,"column":29},"end":{"line":22,"column":39}},"loc":{"start":{"line":22,"column":47},"end":{"line":25,"column":3}},"line":22},"4":{"name":"onPress","decl":{"start":{"line":44,"column":24},"end":{"line":44,"column":31}},"loc":{"start":{"line":44,"column":34},"end":{"line":44,"column":36}},"line":44},"5":{"name":"onPressOut","decl":{"start":{"line":46,"column":27},"end":{"line":46,"column":37}},"loc":{"start":{"line":46,"column":40},"end":{"line":46,"column":68}},"line":46}},"branchMap":{"0":{"loc":{"start":{"line":5,"column":238},"end":{"line":5,"column":284}},"type":"cond-expr","locations":[{"start":{"line":5,"column":262},"end":{"line":5,"column":265}},{"start":{"line":5,"column":268},"end":{"line":5,"column":284}}],"line":5},"1":{"loc":{"start":{"line":5,"column":238},"end":{"line":5,"column":259}},"type":"binary-expr","locations":[{"start":{"line":5,"column":238},"end":{"line":5,"column":241}},{"start":{"line":5,"column":245},"end":{"line":5,"column":259}}],"line":5},"2":{"loc":{"start":{"line":32,"column":2},"end":{"line":37,"column":14}},"type":"cond-expr","locations":[{"start":{"line":32,"column":15},"end":{"line":32,"column":27}},{"start":{"line":33,"column":2},"end":{"line":37,"column":14}}],"line":32},"3":{"loc":{"start":{"line":33,"column":2},"end":{"line":37,"column":14}},"type":"cond-expr","locations":[{"start":{"line":33,"column":15},"end":{"line":33,"column":27}},{"start":{"line":34,"column":2},"end":{"line":37,"column":14}}],"line":33},"4":{"loc":{"start":{"line":34,"column":2},"end":{"line":37,"column":14}},"type":"cond-expr","locations":[{"start":{"line":34,"column":15},"end":{"line":34,"column":27}},{"start":{"line":35,"column":2},"end":{"line":37,"column":14}}],"line":34},"5":{"loc":{"start":{"line":35,"column":2},"end":{"line":37,"column":14}},"type":"cond-expr","locations":[{"start":{"line":35,"column":15},"end":{"line":35,"column":27}},{"start":{"line":36,"column":2},"end":{"line":37,"column":14}}],"line":35},"6":{"loc":{"start":{"line":36,"column":2},"end":{"line":37,"column":14}},"type":"cond-expr","locations":[{"start":{"line":36,"column":15},"end":{"line":36,"column":27}},{"start":{"line":37,"column":2},"end":{"line":37,"column":14}}],"line":36},"7":{"loc":{"start":{"line":39,"column":17},"end":{"line":39,"column":51}},"type":"cond-expr","locations":[{"start":{"line":39,"column":39},"end":{"line":39,"column":43}},{"start":{"line":39,"column":46},"end":{"line":39,"column":51}}],"line":39},"8":{"loc":{"start":{"line":52,"column":25},"end":{"line":52,"column":83}},"type":"cond-expr","locations":[{"start":{"line":52,"column":36},"end":{"line":52,"column":57}},{"start":{"line":52,"column":60},"end":{"line":52,"column":83}}],"line":52}},"s":{"0":1,"1":1,"2":1,"3":1,"4":1,"5":1,"6":1,"7":1,"8":2,"9":1,"10":1,"11":1,"12":1,"13":1,"14":1,"15":0,"16":0,"17":0,"18":0,"19":0,"20":0,"21":0,"22":0,"23":0,"24":0,"25":0,"26":0,"27":0,"28":0,"29":1,"30":1,"31":1},"f":{"0":2,"1":0,"2":0,"3":0,"4":0,"5":0},"b":{"0":[1,1],"1":[2,2],"2":[0,0],"3":[0,0],"4":[0,0],"5":[0,0],"6":[0,0],"7":[0,0],"8":[0,0]},"inputSourceMap":null,"_coverageSchema":"1a1c01bbd47fc00a2c39e90264f33305004495a9","hash":"de3b7c16f03a61890787448e63c2ea70b744b528"}
,"/Users/thevijaysoni/Desktop/IntellectDemo/IntellectDemo/src/components/screens/homeScreen/index.js": {"path":"/Users/thevijaysoni/Desktop/IntellectDemo/IntellectDemo/src/components/screens/homeScreen/index.js","statementMap":{"0":{"start":{"line":1,"column":13},"end":{"line":1,"column":75}},"1":{"start":{"line":1,"column":75},"end":{"line":1,"column":100}},"2":{"start":{"line":1,"column":113},"end":{"line":1,"column":154}},"3":{"start":{"line":2,"column":19},"end":{"line":2,"column":42}},"4":{"start":{"line":3,"column":24},"end":{"line":3,"column":67}},"5":{"start":{"line":4,"column":15},"end":{"line":4,"column":49}},"6":{"start":{"line":5,"column":18},"end":{"line":5,"column":55}},"7":{"start":{"line":6,"column":16},"end":{"line":6,"column":80}},"8":{"start":{"line":7,"column":14},"end":{"line":7,"column":72}},"9":{"start":{"line":8,"column":16},"end":{"line":8,"column":52}},"10":{"start":{"line":9,"column":20},"end":{"line":9,"column":80}},"11":{"start":{"line":10,"column":19},"end":{"line":10,"column":78}},"12":{"start":{"line":11,"column":12},"end":{"line":11,"column":54}},"13":{"start":{"line":12,"column":13},"end":{"line":12,"column":55}},"14":{"start":{"line":13,"column":21},"end":{"line":13,"column":71}},"15":{"start":{"line":13,"column":84},"end":{"line":13,"column":88}},"16":{"start":{"line":13,"column":104},"end":{"line":13,"column":204}},"17":{"start":{"line":13,"column":243},"end":{"line":13,"column":297}},"18":{"start":{"line":13,"column":346},"end":{"line":13,"column":393}},"19":{"start":{"line":13,"column":381},"end":{"line":13,"column":393}},"20":{"start":{"line":13,"column":417},"end":{"line":13,"column":430}},"21":{"start":{"line":13,"column":454},"end":{"line":13,"column":467}},"22":{"start":{"line":13,"column":468},"end":{"line":13,"column":625}},"23":{"start":{"line":13,"column":551},"end":{"line":13,"column":609}},"24":{"start":{"line":13,"column":678},"end":{"line":13,"column":734}},"25":{"start":{"line":13,"column":722},"end":{"line":13,"column":733}},"26":{"start":{"line":13,"column":734},"end":{"line":13,"column":834}},"27":{"start":{"line":13,"column":809},"end":{"line":13,"column":833}},"28":{"start":{"line":13,"column":846},"end":{"line":13,"column":883}},"29":{"start":{"line":13,"column":884},"end":{"line":13,"column":937}},"30":{"start":{"line":13,"column":914},"end":{"line":13,"column":936}},"31":{"start":{"line":13,"column":950},"end":{"line":13,"column":952}},"32":{"start":{"line":13,"column":981},"end":{"line":13,"column":1037}},"33":{"start":{"line":13,"column":1038},"end":{"line":13,"column":1330}},"34":{"start":{"line":13,"column":1060},"end":{"line":13,"column":1329}},"35":{"start":{"line":13,"column":1145},"end":{"line":13,"column":1217}},"36":{"start":{"line":13,"column":1218},"end":{"line":13,"column":1328}},"37":{"start":{"line":13,"column":1255},"end":{"line":13,"column":1296}},"38":{"start":{"line":13,"column":1304},"end":{"line":13,"column":1327}},"39":{"start":{"line":13,"column":1330},"end":{"line":13,"column":1351}},"40":{"start":{"line":13,"column":1351},"end":{"line":13,"column":1387}},"41":{"start":{"line":13,"column":1363},"end":{"line":13,"column":1386}},"42":{"start":{"line":13,"column":1387},"end":{"line":13,"column":1401}},"43":{"start":{"line":13,"column":1435},"end":{"line":13,"column":1557}},"44":{"start":{"line":13,"column":1587},"end":{"line":13,"column":1748}},"45":{"start":{"line":13,"column":1798},"end":{"line":13,"column":1813}},"46":{"start":{"line":13,"column":1806},"end":{"line":13,"column":1813}},"47":{"start":{"line":13,"column":1813},"end":{"line":13,"column":1876}},"48":{"start":{"line":13,"column":1840},"end":{"line":13,"column":1876}},"49":{"start":{"line":13,"column":1884},"end":{"line":13,"column":1930}},"50":{"start":{"line":13,"column":1931},"end":{"line":13,"column":1991}},"51":{"start":{"line":13,"column":1968},"end":{"line":13,"column":1991}},"52":{"start":{"line":13,"column":1991},"end":{"line":13,"column":2044}},"53":{"start":{"line":13,"column":2023},"end":{"line":13,"column":2044}},"54":{"start":{"line":13,"column":2044},"end":{"line":13,"column":2157}},"55":{"start":{"line":13,"column":2121},"end":{"line":13,"column":2157}},"56":{"start":{"line":13,"column":2196},"end":{"line":13,"column":2250}},"57":{"start":{"line":13,"column":2233},"end":{"line":13,"column":2250}},"58":{"start":{"line":13,"column":2250},"end":{"line":13,"column":2322}},"59":{"start":{"line":13,"column":2263},"end":{"line":13,"column":2264}},"60":{"start":{"line":13,"column":2273},"end":{"line":13,"column":2287}},"61":{"start":{"line":13,"column":2304},"end":{"line":13,"column":2321}},"62":{"start":{"line":13,"column":2322},"end":{"line":13,"column":2334}},"63":{"start":{"line":13,"column":2384},"end":{"line":13,"column":2479}},"64":{"start":{"line":13,"column":2480},"end":{"line":13,"column":2503}},"65":{"start":{"line":13,"column":2496},"end":{"line":13,"column":2503}},"66":{"start":{"line":13,"column":2514},"end":{"line":13,"column":2516}},"67":{"start":{"line":13,"column":2526},"end":{"line":13,"column":2530}},"68":{"start":{"line":13,"column":2540},"end":{"line":13,"column":2545}},"69":{"start":{"line":13,"column":2557},"end":{"line":13,"column":2812}},"70":{"start":{"line":13,"column":2562},"end":{"line":13,"column":2684}},"71":{"start":{"line":13,"column":2629},"end":{"line":13,"column":2649}},"72":{"start":{"line":13,"column":2649},"end":{"line":13,"column":2683}},"73":{"start":{"line":13,"column":2677},"end":{"line":13,"column":2683}},"74":{"start":{"line":13,"column":2699},"end":{"line":13,"column":2709}},"75":{"start":{"line":13,"column":2709},"end":{"line":13,"column":2718}},"76":{"start":{"line":13,"column":2729},"end":{"line":13,"column":2811}},"77":{"start":{"line":13,"column":2734},"end":{"line":13,"column":2782}},"78":{"start":{"line":13,"column":2767},"end":{"line":13,"column":2782}},"79":{"start":{"line":13,"column":2793},"end":{"line":13,"column":2810}},"80":{"start":{"line":13,"column":2801},"end":{"line":13,"column":2810}},"81":{"start":{"line":13,"column":2812},"end":{"line":13,"column":2824}},"82":{"start":{"line":13,"column":2856},"end":{"line":13,"column":2891}},"83":{"start":{"line":13,"column":2880},"end":{"line":13,"column":2891}},"84":{"start":{"line":13,"column":2933},"end":{"line":13,"column":3002}},"85":{"start":{"line":13,"column":2950},"end":{"line":13,"column":3002}},"86":{"start":{"line":15,"column":17},"end":{"line":64,"column":1}},"87":{"start":{"line":15,"column":44},"end":{"line":15,"column":76}},"88":{"start":{"line":17,"column":18},"end":{"line":17,"column":41}},"89":{"start":{"line":17,"column":55},"end":{"line":17,"column":83}},"90":{"start":{"line":17,"column":98},"end":{"line":17,"column":111}},"91":{"start":{"line":17,"column":129},"end":{"line":17,"column":142}},"92":{"start":{"line":18,"column":19},"end":{"line":18,"column":42}},"93":{"start":{"line":18,"column":56},"end":{"line":18,"column":85}},"94":{"start":{"line":18,"column":98},"end":{"line":18,"column":111}},"95":{"start":{"line":18,"column":127},"end":{"line":18,"column":140}},"96":{"start":{"line":20,"column":19},"end":{"line":20,"column":42}},"97":{"start":{"line":20,"column":56},"end":{"line":20,"column":85}},"98":{"start":{"line":20,"column":106},"end":{"line":20,"column":119}},"99":{"start":{"line":20,"column":143},"end":{"line":20,"column":156}},"100":{"start":{"line":21,"column":19},"end":{"line":21,"column":42}},"101":{"start":{"line":21,"column":56},"end":{"line":21,"column":85}},"102":{"start":{"line":21,"column":106},"end":{"line":21,"column":119}},"103":{"start":{"line":21,"column":143},"end":{"line":21,"column":156}},"104":{"start":{"line":24,"column":4},"end":{"line":29,"column":5}},"105":{"start":{"line":25,"column":6},"end":{"line":25,"column":38}},"106":{"start":{"line":28,"column":6},"end":{"line":28,"column":24}},"107":{"start":{"line":32,"column":2},"end":{"line":60,"column":162}},"108":{"start":{"line":60,"column":47},"end":{"line":60,"column":68}},"109":{"start":{"line":66,"column":13},"end":{"line":78,"column":55}},"110":{"start":{"line":82,"column":0},"end":{"line":82,"column":10}},"111":{"start":{"line":82,"column":11},"end":{"line":82,"column":38}}},"fnMap":{"0":{"name":"_interopRequireDefault","decl":{"start":{"line":13,"column":214},"end":{"line":13,"column":236}},"loc":{"start":{"line":13,"column":242},"end":{"line":13,"column":298}},"line":13},"1":{"name":"_getRequireWildcardCache","decl":{"start":{"line":13,"column":307},"end":{"line":13,"column":331}},"loc":{"start":{"line":13,"column":345},"end":{"line":13,"column":626}},"line":13},"2":{"name":"_getRequireWildcardCache","decl":{"start":{"line":13,"column":512},"end":{"line":13,"column":536}},"loc":{"start":{"line":13,"column":550},"end":{"line":13,"column":610}},"line":13},"3":{"name":"_interopRequireWildcard","decl":{"start":{"line":13,"column":635},"end":{"line":13,"column":658}},"loc":{"start":{"line":13,"column":677},"end":{"line":13,"column":1402}},"line":13},"4":{"name":"_slicedToArray","decl":{"start":{"line":13,"column":1411},"end":{"line":13,"column":1425}},"loc":{"start":{"line":13,"column":1434},"end":{"line":13,"column":1558}},"line":13},"5":{"name":"_nonIterableRest","decl":{"start":{"line":13,"column":1567},"end":{"line":13,"column":1583}},"loc":{"start":{"line":13,"column":1586},"end":{"line":13,"column":1749}},"line":13},"6":{"name":"_unsupportedIterableToArray","decl":{"start":{"line":13,"column":1758},"end":{"line":13,"column":1785}},"loc":{"start":{"line":13,"column":1797},"end":{"line":13,"column":2158}},"line":13},"7":{"name":"_arrayLikeToArray","decl":{"start":{"line":13,"column":2167},"end":{"line":13,"column":2184}},"loc":{"start":{"line":13,"column":2195},"end":{"line":13,"column":2335}},"line":13},"8":{"name":"_iterableToArrayLimit","decl":{"start":{"line":13,"column":2344},"end":{"line":13,"column":2365}},"loc":{"start":{"line":13,"column":2374},"end":{"line":13,"column":2825}},"line":13},"9":{"name":"_arrayWithHoles","decl":{"start":{"line":13,"column":2834},"end":{"line":13,"column":2849}},"loc":{"start":{"line":13,"column":2855},"end":{"line":13,"column":2892}},"line":13},"10":{"name":"_objectDestructuringEmpty","decl":{"start":{"line":13,"column":2901},"end":{"line":13,"column":2926}},"loc":{"start":{"line":13,"column":2932},"end":{"line":13,"column":3003}},"line":13},"11":{"name":"HomeScreen","decl":{"start":{"line":15,"column":26},"end":{"line":15,"column":36}},"loc":{"start":{"line":15,"column":43},"end":{"line":64,"column":1}},"line":15},"12":{"name":"onPressNext","decl":{"start":{"line":23,"column":11},"end":{"line":23,"column":22}},"loc":{"start":{"line":23,"column":25},"end":{"line":30,"column":3}},"line":23},"13":{"name":"onPressButton","decl":{"start":{"line":60,"column":30},"end":{"line":60,"column":43}},"loc":{"start":{"line":60,"column":46},"end":{"line":60,"column":69}},"line":60}},"branchMap":{"0":{"loc":{"start":{"line":13,"column":250},"end":{"line":13,"column":296}},"type":"cond-expr","locations":[{"start":{"line":13,"column":274},"end":{"line":13,"column":277}},{"start":{"line":13,"column":280},"end":{"line":13,"column":296}}],"line":13},"1":{"loc":{"start":{"line":13,"column":250},"end":{"line":13,"column":271}},"type":"binary-expr","locations":[{"start":{"line":13,"column":250},"end":{"line":13,"column":253}},{"start":{"line":13,"column":257},"end":{"line":13,"column":271}}],"line":13},"2":{"loc":{"start":{"line":13,"column":346},"end":{"line":13,"column":393}},"type":"if","locations":[{"start":{"line":13,"column":346},"end":{"line":13,"column":393}},{"start":{},"end":{}}],"line":13},"3":{"loc":{"start":{"line":13,"column":558},"end":{"line":13,"column":608}},"type":"cond-expr","locations":[{"start":{"line":13,"column":572},"end":{"line":13,"column":588}},{"start":{"line":13,"column":591},"end":{"line":13,"column":608}}],"line":13},"4":{"loc":{"start":{"line":13,"column":678},"end":{"line":13,"column":734}},"type":"if","locations":[{"start":{"line":13,"column":678},"end":{"line":13,"column":734}},{"start":{},"end":{}}],"line":13},"5":{"loc":{"start":{"line":13,"column":682},"end":{"line":13,"column":719}},"type":"binary-expr","locations":[{"start":{"line":13,"column":682},"end":{"line":13,"column":694}},{"start":{"line":13,"column":698},"end":{"line":13,"column":701}},{"start":{"line":13,"column":705},"end":{"line":13,"column":719}}],"line":13},"6":{"loc":{"start":{"line":13,"column":734},"end":{"line":13,"column":834}},"type":"if","locations":[{"start":{"line":13,"column":734},"end":{"line":13,"column":834}},{"start":{},"end":{}}],"line":13},"7":{"loc":{"start":{"line":13,"column":738},"end":{"line":13,"column":806}},"type":"binary-expr","locations":[{"start":{"line":13,"column":738},"end":{"line":13,"column":750}},{"start":{"line":13,"column":754},"end":{"line":13,"column":777}},{"start":{"line":13,"column":781},"end":{"line":13,"column":806}}],"line":13},"8":{"loc":{"start":{"line":13,"column":884},"end":{"line":13,"column":937}},"type":"if","locations":[{"start":{"line":13,"column":884},"end":{"line":13,"column":937}},{"start":{},"end":{}}],"line":13},"9":{"loc":{"start":{"line":13,"column":888},"end":{"line":13,"column":911}},"type":"binary-expr","locations":[{"start":{"line":13,"column":888},"end":{"line":13,"column":893}},{"start":{"line":13,"column":897},"end":{"line":13,"column":911}}],"line":13},"10":{"loc":{"start":{"line":13,"column":981},"end":{"line":13,"column":1037}},"type":"binary-expr","locations":[{"start":{"line":13,"column":981},"end":{"line":13,"column":1002}},{"start":{"line":13,"column":1006},"end":{"line":13,"column":1037}}],"line":13},"11":{"loc":{"start":{"line":13,"column":1060},"end":{"line":13,"column":1329}},"type":"if","locations":[{"start":{"line":13,"column":1060},"end":{"line":13,"column":1329}},{"start":{},"end":{}}],"line":13},"12":{"loc":{"start":{"line":13,"column":1064},"end":{"line":13,"column":1131}},"type":"binary-expr","locations":[{"start":{"line":13,"column":1064},"end":{"line":13,"column":1081}},{"start":{"line":13,"column":1085},"end":{"line":13,"column":1131}}],"line":13},"13":{"loc":{"start":{"line":13,"column":1145},"end":{"line":13,"column":1217}},"type":"cond-expr","locations":[{"start":{"line":13,"column":1169},"end":{"line":13,"column":1210}},{"start":{"line":13,"column":1213},"end":{"line":13,"column":1217}}],"line":13},"14":{"loc":{"start":{"line":13,"column":1218},"end":{"line":13,"column":1328}},"type":"if","locations":[{"start":{"line":13,"column":1218},"end":{"line":13,"column":1328}},{"start":{"line":13,"column":1303},"end":{"line":13,"column":1328}}],"line":13},"15":{"loc":{"start":{"line":13,"column":1222},"end":{"line":13,"column":1252}},"type":"binary-expr","locations":[{"start":{"line":13,"column":1222},"end":{"line":13,"column":1226}},{"start":{"line":13,"column":1231},"end":{"line":13,"column":1239}},{"start":{"line":13,"column":1243},"end":{"line":13,"column":1251}}],"line":13},"16":{"loc":{"start":{"line":13,"column":1351},"end":{"line":13,"column":1387}},"type":"if","locations":[{"start":{"line":13,"column":1351},"end":{"line":13,"column":1387}},{"start":{},"end":{}}],"line":13},"17":{"loc":{"start":{"line":13,"column":1442},"end":{"line":13,"column":1556}},"type":"binary-expr","locations":[{"start":{"line":13,"column":1442},"end":{"line":13,"column":1462}},{"start":{"line":13,"column":1466},"end":{"line":13,"column":1495}},{"start":{"line":13,"column":1499},"end":{"line":13,"column":1534}},{"start":{"line":13,"column":1538},"end":{"line":13,"column":1556}}],"line":13},"18":{"loc":{"start":{"line":13,"column":1798},"end":{"line":13,"column":1813}},"type":"if","locations":[{"start":{"line":13,"column":1798},"end":{"line":13,"column":1813}},{"start":{},"end":{}}],"line":13},"19":{"loc":{"start":{"line":13,"column":1813},"end":{"line":13,"column":1876}},"type":"if","locations":[{"start":{"line":13,"column":1813},"end":{"line":13,"column":1876}},{"start":{},"end":{}}],"line":13},"20":{"loc":{"start":{"line":13,"column":1931},"end":{"line":13,"column":1991}},"type":"if","locations":[{"start":{"line":13,"column":1931},"end":{"line":13,"column":1991}},{"start":{},"end":{}}],"line":13},"21":{"loc":{"start":{"line":13,"column":1935},"end":{"line":13,"column":1966}},"type":"binary-expr","locations":[{"start":{"line":13,"column":1935},"end":{"line":13,"column":1949}},{"start":{"line":13,"column":1953},"end":{"line":13,"column":1966}}],"line":13},"22":{"loc":{"start":{"line":13,"column":1991},"end":{"line":13,"column":2044}},"type":"if","locations":[{"start":{"line":13,"column":1991},"end":{"line":13,"column":2044}},{"start":{},"end":{}}],"line":13},"23":{"loc":{"start":{"line":13,"column":1995},"end":{"line":13,"column":2021}},"type":"binary-expr","locations":[{"start":{"line":13,"column":1995},"end":{"line":13,"column":2006}},{"start":{"line":13,"column":2010},"end":{"line":13,"column":2021}}],"line":13},"24":{"loc":{"start":{"line":13,"column":2044},"end":{"line":13,"column":2157}},"type":"if","locations":[{"start":{"line":13,"column":2044},"end":{"line":13,"column":2157}},{"start":{},"end":{}}],"line":13},"25":{"loc":{"start":{"line":13,"column":2048},"end":{"line":13,"column":2119}},"type":"binary-expr","locations":[{"start":{"line":13,"column":2048},"end":{"line":13,"column":2065}},{"start":{"line":13,"column":2069},"end":{"line":13,"column":2119}}],"line":13},"26":{"loc":{"start":{"line":13,"column":2196},"end":{"line":13,"column":2250}},"type":"if","locations":[{"start":{"line":13,"column":2196},"end":{"line":13,"column":2250}},{"start":{},"end":{}}],"line":13},"27":{"loc":{"start":{"line":13,"column":2200},"end":{"line":13,"column":2231}},"type":"binary-expr","locations":[{"start":{"line":13,"column":2200},"end":{"line":13,"column":2211}},{"start":{"line":13,"column":2215},"end":{"line":13,"column":2231}}],"line":13},"28":{"loc":{"start":{"line":13,"column":2384},"end":{"line":13,"column":2479}},"type":"cond-expr","locations":[{"start":{"line":13,"column":2398},"end":{"line":13,"column":2402}},{"start":{"line":13,"column":2405},"end":{"line":13,"column":2479}}],"line":13},"29":{"loc":{"start":{"line":13,"column":2405},"end":{"line":13,"column":2479}},"type":"binary-expr","locations":[{"start":{"line":13,"column":2405},"end":{"line":13,"column":2434}},{"start":{"line":13,"column":2438},"end":{"line":13,"column":2458}},{"start":{"line":13,"column":2462},"end":{"line":13,"column":2479}}],"line":13},"30":{"loc":{"start":{"line":13,"column":2480},"end":{"line":13,"column":2503}},"type":"if","locations":[{"start":{"line":13,"column":2480},"end":{"line":13,"column":2503}},{"start":{},"end":{}}],"line":13},"31":{"loc":{"start":{"line":13,"column":2649},"end":{"line":13,"column":2683}},"type":"if","locations":[{"start":{"line":13,"column":2649},"end":{"line":13,"column":2683}},{"start":{},"end":{}}],"line":13},"32":{"loc":{"start":{"line":13,"column":2653},"end":{"line":13,"column":2675}},"type":"binary-expr","locations":[{"start":{"line":13,"column":2653},"end":{"line":13,"column":2654}},{"start":{"line":13,"column":2658},"end":{"line":13,"column":2675}}],"line":13},"33":{"loc":{"start":{"line":13,"column":2734},"end":{"line":13,"column":2782}},"type":"if","locations":[{"start":{"line":13,"column":2734},"end":{"line":13,"column":2782}},{"start":{},"end":{}}],"line":13},"34":{"loc":{"start":{"line":13,"column":2738},"end":{"line":13,"column":2765}},"type":"binary-expr","locations":[{"start":{"line":13,"column":2738},"end":{"line":13,"column":2741}},{"start":{"line":13,"column":2745},"end":{"line":13,"column":2765}}],"line":13},"35":{"loc":{"start":{"line":13,"column":2793},"end":{"line":13,"column":2810}},"type":"if","locations":[{"start":{"line":13,"column":2793},"end":{"line":13,"column":2810}},{"start":{},"end":{}}],"line":13},"36":{"loc":{"start":{"line":13,"column":2856},"end":{"line":13,"column":2891}},"type":"if","locations":[{"start":{"line":13,"column":2856},"end":{"line":13,"column":2891}},{"start":{},"end":{}}],"line":13},"37":{"loc":{"start":{"line":13,"column":2933},"end":{"line":13,"column":3002}},"type":"if","locations":[{"start":{"line":13,"column":2933},"end":{"line":13,"column":3002}},{"start":{},"end":{}}],"line":13},"38":{"loc":{"start":{"line":24,"column":4},"end":{"line":29,"column":5}},"type":"if","locations":[{"start":{"line":24,"column":4},"end":{"line":29,"column":5}},{"start":{"line":27,"column":4},"end":{"line":29,"column":5}}],"line":24},"39":{"loc":{"start":{"line":45,"column":4},"end":{"line":46,"column":206}},"type":"binary-expr","locations":[{"start":{"line":45,"column":4},"end":{"line":45,"column":20}},{"start":{"line":46,"column":4},"end":{"line":46,"column":206}}],"line":45},"40":{"loc":{"start":{"line":49,"column":4},"end":{"line":50,"column":207}},"type":"binary-expr","locations":[{"start":{"line":49,"column":4},"end":{"line":49,"column":20}},{"start":{"line":50,"column":4},"end":{"line":50,"column":207}}],"line":49}},"s":{"0":1,"1":1,"2":1,"3":1,"4":1,"5":1,"6":1,"7":1,"8":1,"9":1,"10":1,"11":1,"12":1,"13":1,"14":1,"15":1,"16":1,"17":7,"18":1,"19":0,"20":1,"21":1,"22":1,"23":1,"24":1,"25":0,"26":1,"27":0,"28":1,"29":1,"30":0,"31":1,"32":1,"33":1,"34":28,"35":28,"36":28,"37":0,"38":28,"39":1,"40":1,"41":1,"42":1,"43":4,"44":0,"45":0,"46":0,"47":0,"48":0,"49":0,"50":0,"51":0,"52":0,"53":0,"54":0,"55":0,"56":0,"57":0,"58":0,"59":0,"60":0,"61":0,"62":0,"63":0,"64":0,"65":0,"66":0,"67":0,"68":0,"69":0,"70":0,"71":0,"72":0,"73":0,"74":0,"75":0,"76":0,"77":0,"78":0,"79":0,"80":0,"81":0,"82":4,"83":4,"84":1,"85":0,"86":1,"87":1,"88":1,"89":1,"90":1,"91":1,"92":1,"93":1,"94":1,"95":1,"96":1,"97":1,"98":1,"99":1,"100":1,"101":1,"102":1,"103":1,"104":0,"105":0,"106":0,"107":1,"108":0,"109":1,"110":1,"111":1},"f":{"0":7,"1":1,"2":1,"3":1,"4":4,"5":0,"6":0,"7":0,"8":0,"9":4,"10":1,"11":1,"12":0,"13":0},"b":{"0":[7,0],"1":[7,7],"2":[0,1],"3":[0,1],"4":[0,1],"5":[1,1,1],"6":[0,1],"7":[1,1,0],"8":[0,1],"9":[1,1],"10":[1,1],"11":[28,0],"12":[28,28],"13":[28,0],"14":[0,28],"15":[28,28,28],"16":[1,0],"17":[4,0,0,0],"18":[0,0],"19":[0,0],"20":[0,0],"21":[0,0],"22":[0,0],"23":[0,0],"24":[0,0],"25":[0,0],"26":[0,0],"27":[0,0],"28":[0,0],"29":[0,0,0],"30":[0,0],"31":[0,0],"32":[0,0],"33":[0,0],"34":[0,0],"35":[0,0],"36":[4,0],"37":[0,1],"38":[0,0],"39":[1,1],"40":[1,0]},"inputSourceMap":null,"_coverageSchema":"1a1c01bbd47fc00a2c39e90264f33305004495a9","hash":"8f3db5c22f255e49efdcd8ee3e21d76ff8de96be"}
,"/Users/thevijaysoni/Desktop/IntellectDemo/IntellectDemo/src/components/screens/homeScreen/page1.js": {"path":"/Users/thevijaysoni/Desktop/IntellectDemo/IntellectDemo/src/components/screens/homeScreen/page1.js","statementMap":{"0":{"start":{"line":1,"column":13},"end":{"line":1,"column":75}},"1":{"start":{"line":1,"column":75},"end":{"line":1,"column":100}},"2":{"start":{"line":1,"column":113},"end":{"line":1,"column":153}},"3":{"start":{"line":2,"column":19},"end":{"line":2,"column":42}},"4":{"start":{"line":3,"column":27},"end":{"line":3,"column":59}},"5":{"start":{"line":4,"column":24},"end":{"line":4,"column":67}},"6":{"start":{"line":5,"column":15},"end":{"line":5,"column":49}},"7":{"start":{"line":6,"column":18},"end":{"line":6,"column":55}},"8":{"start":{"line":7,"column":14},"end":{"line":7,"column":72}},"9":{"start":{"line":8,"column":20},"end":{"line":8,"column":80}},"10":{"start":{"line":9,"column":19},"end":{"line":9,"column":78}},"11":{"start":{"line":9,"column":91},"end":{"line":9,"column":95}},"12":{"start":{"line":9,"column":111},"end":{"line":9,"column":211}},"13":{"start":{"line":9,"column":250},"end":{"line":9,"column":304}},"14":{"start":{"line":11,"column":16},"end":{"line":47,"column":1}},"15":{"start":{"line":11,"column":59},"end":{"line":11,"column":74}},"16":{"start":{"line":11,"column":91},"end":{"line":11,"column":109}},"17":{"start":{"line":13,"column":2},"end":{"line":43,"column":107}},"18":{"start":{"line":49,"column":13},"end":{"line":80,"column":37}},"19":{"start":{"line":84,"column":0},"end":{"line":84,"column":9}},"20":{"start":{"line":84,"column":10},"end":{"line":84,"column":37}}},"fnMap":{"0":{"name":"_interopRequireDefault","decl":{"start":{"line":9,"column":221},"end":{"line":9,"column":243}},"loc":{"start":{"line":9,"column":249},"end":{"line":9,"column":305}},"line":9},"1":{"name":"PageFirst","decl":{"start":{"line":11,"column":25},"end":{"line":11,"column":34}},"loc":{"start":{"line":11,"column":41},"end":{"line":47,"column":1}},"line":11},"2":{"name":"onSlidingComplete","decl":{"start":{"line":41,"column":34},"end":{"line":41,"column":51}},"loc":{"start":{"line":41,"column":54},"end":{"line":41,"column":56}},"line":41}},"branchMap":{"0":{"loc":{"start":{"line":9,"column":257},"end":{"line":9,"column":303}},"type":"cond-expr","locations":[{"start":{"line":9,"column":281},"end":{"line":9,"column":284}},{"start":{"line":9,"column":287},"end":{"line":9,"column":303}}],"line":9},"1":{"loc":{"start":{"line":9,"column":257},"end":{"line":9,"column":278}},"type":"binary-expr","locations":[{"start":{"line":9,"column":257},"end":{"line":9,"column":260}},{"start":{"line":9,"column":264},"end":{"line":9,"column":278}}],"line":9}},"s":{"0":1,"1":1,"2":1,"3":1,"4":1,"5":1,"6":1,"7":1,"8":1,"9":1,"10":1,"11":1,"12":1,"13":4,"14":1,"15":1,"16":1,"17":1,"18":1,"19":1,"20":1},"f":{"0":4,"1":1,"2":0},"b":{"0":[3,1],"1":[4,4]},"inputSourceMap":null,"_coverageSchema":"1a1c01bbd47fc00a2c39e90264f33305004495a9","hash":"cf6f2906c0fb83105ad80785bbce1e57f22d3518"}
,"/Users/thevijaysoni/Desktop/IntellectDemo/IntellectDemo/src/components/screens/homeScreen/page2.js": {"path":"/Users/thevijaysoni/Desktop/IntellectDemo/IntellectDemo/src/components/screens/homeScreen/page2.js","statementMap":{"0":{"start":{"line":1,"column":13},"end":{"line":1,"column":75}},"1":{"start":{"line":1,"column":75},"end":{"line":1,"column":100}},"2":{"start":{"line":1,"column":113},"end":{"line":1,"column":153}},"3":{"start":{"line":2,"column":19},"end":{"line":2,"column":42}},"4":{"start":{"line":3,"column":24},"end":{"line":3,"column":67}},"5":{"start":{"line":4,"column":15},"end":{"line":4,"column":49}},"6":{"start":{"line":5,"column":18},"end":{"line":5,"column":55}},"7":{"start":{"line":6,"column":16},"end":{"line":6,"column":80}},"8":{"start":{"line":7,"column":14},"end":{"line":7,"column":72}},"9":{"start":{"line":8,"column":19},"end":{"line":8,"column":78}},"10":{"start":{"line":9,"column":30},"end":{"line":9,"column":98}},"11":{"start":{"line":9,"column":111},"end":{"line":9,"column":115}},"12":{"start":{"line":9,"column":131},"end":{"line":9,"column":231}},"13":{"start":{"line":9,"column":270},"end":{"line":9,"column":324}},"14":{"start":{"line":11,"column":17},"end":{"line":34,"column":1}},"15":{"start":{"line":11,"column":61},"end":{"line":11,"column":76}},"16":{"start":{"line":11,"column":93},"end":{"line":11,"column":111}},"17":{"start":{"line":13,"column":20},"end":{"line":15,"column":64}},"18":{"start":{"line":17,"column":2},"end":{"line":30,"column":224}},"19":{"start":{"line":36,"column":13},"end":{"line":45,"column":49}},"20":{"start":{"line":49,"column":0},"end":{"line":49,"column":10}},"21":{"start":{"line":49,"column":11},"end":{"line":49,"column":38}}},"fnMap":{"0":{"name":"_interopRequireDefault","decl":{"start":{"line":9,"column":241},"end":{"line":9,"column":263}},"loc":{"start":{"line":9,"column":269},"end":{"line":9,"column":325}},"line":9},"1":{"name":"PageSecond","decl":{"start":{"line":11,"column":26},"end":{"line":11,"column":36}},"loc":{"start":{"line":11,"column":43},"end":{"line":34,"column":1}},"line":11}},"branchMap":{"0":{"loc":{"start":{"line":9,"column":277},"end":{"line":9,"column":323}},"type":"cond-expr","locations":[{"start":{"line":9,"column":301},"end":{"line":9,"column":304}},{"start":{"line":9,"column":307},"end":{"line":9,"column":323}}],"line":9},"1":{"loc":{"start":{"line":9,"column":277},"end":{"line":9,"column":298}},"type":"binary-expr","locations":[{"start":{"line":9,"column":277},"end":{"line":9,"column":280}},{"start":{"line":9,"column":284},"end":{"line":9,"column":298}}],"line":9},"2":{"loc":{"start":{"line":13,"column":20},"end":{"line":15,"column":64}},"type":"cond-expr","locations":[{"start":{"line":13,"column":38},"end":{"line":13,"column":60}},{"start":{"line":14,"column":2},"end":{"line":15,"column":64}}],"line":13},"3":{"loc":{"start":{"line":14,"column":2},"end":{"line":15,"column":64}},"type":"cond-expr","locations":[{"start":{"line":14,"column":37},"end":{"line":14,"column":61}},{"start":{"line":15,"column":2},"end":{"line":15,"column":64}}],"line":14},"4":{"loc":{"start":{"line":14,"column":2},"end":{"line":14,"column":34}},"type":"binary-expr","locations":[{"start":{"line":14,"column":2},"end":{"line":14,"column":16}},{"start":{"line":14,"column":20},"end":{"line":14,"column":34}}],"line":14},"5":{"loc":{"start":{"line":15,"column":2},"end":{"line":15,"column":64}},"type":"cond-expr","locations":[{"start":{"line":15,"column":19},"end":{"line":15,"column":40}},{"start":{"line":15,"column":43},"end":{"line":15,"column":64}}],"line":15}},"s":{"0":1,"1":1,"2":1,"3":1,"4":1,"5":1,"6":1,"7":1,"8":1,"9":1,"10":1,"11":1,"12":1,"13":5,"14":1,"15":0,"16":0,"17":0,"18":0,"19":1,"20":1,"21":1},"f":{"0":5,"1":0},"b":{"0":[4,1],"1":[5,5],"2":[0,0],"3":[0,0],"4":[0,0],"5":[0,0]},"inputSourceMap":null,"_coverageSchema":"1a1c01bbd47fc00a2c39e90264f33305004495a9","hash":"f07aee001c7e268280c63e04f04d5f013ba1bd77"}
,"/Users/thevijaysoni/Desktop/IntellectDemo/IntellectDemo/src/components/screens/homeScreen/pageIndicator.js": {"path":"/Users/thevijaysoni/Desktop/IntellectDemo/IntellectDemo/src/components/screens/homeScreen/pageIndicator.js","statementMap":{"0":{"start":{"line":1,"column":13},"end":{"line":1,"column":75}},"1":{"start":{"line":1,"column":75},"end":{"line":1,"column":100}},"2":{"start":{"line":1,"column":113},"end":{"line":1,"column":153}},"3":{"start":{"line":2,"column":19},"end":{"line":2,"column":42}},"4":{"start":{"line":3,"column":15},"end":{"line":3,"column":49}},"5":{"start":{"line":4,"column":14},"end":{"line":4,"column":72}},"6":{"start":{"line":4,"column":85},"end":{"line":4,"column":89}},"7":{"start":{"line":4,"column":105},"end":{"line":4,"column":213}},"8":{"start":{"line":4,"column":252},"end":{"line":4,"column":306}},"9":{"start":{"line":6,"column":20},"end":{"line":30,"column":1}},"10":{"start":{"line":6,"column":68},"end":{"line":6,"column":84}},"11":{"start":{"line":6,"column":97},"end":{"line":6,"column":111}},"12":{"start":{"line":7,"column":2},"end":{"line":25,"column":99}},"13":{"start":{"line":11,"column":56},"end":{"line":11,"column":77}},"14":{"start":{"line":14,"column":57},"end":{"line":14,"column":67}},"15":{"start":{"line":14,"column":76},"end":{"line":14,"column":87}},"16":{"start":{"line":15,"column":8},"end":{"line":20,"column":147}},"17":{"start":{"line":32,"column":13},"end":{"line":38,"column":49}},"18":{"start":{"line":42,"column":0},"end":{"line":42,"column":13}},"19":{"start":{"line":42,"column":14},"end":{"line":42,"column":41}}},"fnMap":{"0":{"name":"_interopRequireDefault","decl":{"start":{"line":4,"column":223},"end":{"line":4,"column":245}},"loc":{"start":{"line":4,"column":251},"end":{"line":4,"column":307}},"line":4},"1":{"name":"PageIndicator","decl":{"start":{"line":6,"column":29},"end":{"line":6,"column":42}},"loc":{"start":{"line":6,"column":49},"end":{"line":30,"column":1}},"line":6},"2":{"name":"keyExtractor","decl":{"start":{"line":11,"column":29},"end":{"line":11,"column":41}},"loc":{"start":{"line":11,"column":55},"end":{"line":11,"column":78}},"line":11},"3":{"name":"renderItem","decl":{"start":{"line":14,"column":27},"end":{"line":14,"column":37}},"loc":{"start":{"line":14,"column":45},"end":{"line":25,"column":7}},"line":14}},"branchMap":{"0":{"loc":{"start":{"line":4,"column":259},"end":{"line":4,"column":305}},"type":"cond-expr","locations":[{"start":{"line":4,"column":283},"end":{"line":4,"column":286}},{"start":{"line":4,"column":289},"end":{"line":4,"column":305}}],"line":4},"1":{"loc":{"start":{"line":4,"column":259},"end":{"line":4,"column":280}},"type":"binary-expr","locations":[{"start":{"line":4,"column":259},"end":{"line":4,"column":262}},{"start":{"line":4,"column":266},"end":{"line":4,"column":280}}],"line":4},"2":{"loc":{"start":{"line":19,"column":12},"end":{"line":20,"column":54}},"type":"binary-expr","locations":[{"start":{"line":19,"column":12},"end":{"line":19,"column":36}},{"start":{"line":19,"column":40},"end":{"line":20,"column":54}}],"line":19}},"s":{"0":1,"1":1,"2":1,"3":1,"4":1,"5":1,"6":1,"7":1,"8":2,"9":1,"10":1,"11":1,"12":1,"13":5,"14":5,"15":5,"16":5,"17":1,"18":1,"19":1},"f":{"0":2,"1":1,"2":5,"3":5},"b":{"0":[1,1],"1":[2,2],"2":[5,1]},"inputSourceMap":null,"_coverageSchema":"1a1c01bbd47fc00a2c39e90264f33305004495a9","hash":"36196dc170011621ef1a484c524460ff74362158"}
,"/Users/thevijaysoni/Desktop/IntellectDemo/IntellectDemo/src/styles/Mixins.js": {"path":"/Users/thevijaysoni/Desktop/IntellectDemo/IntellectDemo/src/styles/Mixins.js","statementMap":{"0":{"start":{"line":1,"column":13},"end":{"line":1,"column":75}},"1":{"start":{"line":1,"column":75},"end":{"line":1,"column":105}},"2":{"start":{"line":1,"column":105},"end":{"line":1,"column":143}},"3":{"start":{"line":1,"column":143},"end":{"line":1,"column":179}},"4":{"start":{"line":1,"column":179},"end":{"line":1,"column":201}},"5":{"start":{"line":2,"column":19},"end":{"line":2,"column":42}},"6":{"start":{"line":3,"column":14},"end":{"line":3,"column":66}},"7":{"start":{"line":3,"column":105},"end":{"line":3,"column":159}},"8":{"start":{"line":5,"column":11},"end":{"line":5,"column":54}},"9":{"start":{"line":5,"column":55},"end":{"line":5,"column":75}},"10":{"start":{"line":12,"column":14},"end":{"line":12,"column":105}},"11":{"start":{"line":12,"column":119},"end":{"line":12,"column":188}},"12":{"start":{"line":12,"column":203},"end":{"line":12,"column":274}},"13":{"start":{"line":13,"column":2},"end":{"line":18,"column":24}},"14":{"start":{"line":27,"column":14},"end":{"line":27,"column":105}},"15":{"start":{"line":27,"column":119},"end":{"line":27,"column":188}},"16":{"start":{"line":27,"column":203},"end":{"line":27,"column":274}},"17":{"start":{"line":28,"column":2},"end":{"line":33,"column":24}},"18":{"start":{"line":43,"column":13},"end":{"line":43,"column":105}},"19":{"start":{"line":43,"column":119},"end":{"line":43,"column":210}},"20":{"start":{"line":43,"column":224},"end":{"line":43,"column":293}},"21":{"start":{"line":43,"column":308},"end":{"line":43,"column":379}},"22":{"start":{"line":44,"column":2},"end":{"line":49,"column":24}}},"fnMap":{"0":{"name":"_interopRequireDefault","decl":{"start":{"line":3,"column":76},"end":{"line":3,"column":98}},"loc":{"start":{"line":3,"column":104},"end":{"line":3,"column":160}},"line":3},"1":{"name":"boxShadow","decl":{"start":{"line":7,"column":9},"end":{"line":7,"column":18}},"loc":{"start":{"line":12,"column":0},"end":{"line":20,"column":1}},"line":12},"2":{"name":"boxShadowLess","decl":{"start":{"line":22,"column":9},"end":{"line":22,"column":22}},"loc":{"start":{"line":27,"column":0},"end":{"line":35,"column":1}},"line":27},"3":{"name":"boxShadowTwo","decl":{"start":{"line":38,"column":9},"end":{"line":38,"column":21}},"loc":{"start":{"line":43,"column":0},"end":{"line":51,"column":1}},"line":43}},"branchMap":{"0":{"loc":{"start":{"line":3,"column":112},"end":{"line":3,"column":158}},"type":"cond-expr","locations":[{"start":{"line":3,"column":136},"end":{"line":3,"column":139}},{"start":{"line":3,"column":142},"end":{"line":3,"column":158}}],"line":3},"1":{"loc":{"start":{"line":3,"column":112},"end":{"line":3,"column":133}},"type":"binary-expr","locations":[{"start":{"line":3,"column":112},"end":{"line":3,"column":115}},{"start":{"line":3,"column":119},"end":{"line":3,"column":133}}],"line":3},"2":{"loc":{"start":{"line":12,"column":14},"end":{"line":12,"column":105}},"type":"cond-expr","locations":[{"start":{"line":12,"column":67},"end":{"line":12,"column":79}},{"start":{"line":12,"column":82},"end":{"line":12,"column":105}}],"line":12},"3":{"loc":{"start":{"line":12,"column":14},"end":{"line":12,"column":64}},"type":"binary-expr","locations":[{"start":{"line":12,"column":14},"end":{"line":12,"column":34}},{"start":{"line":12,"column":38},"end":{"line":12,"column":64}}],"line":12},"4":{"loc":{"start":{"line":12,"column":119},"end":{"line":12,"column":188}},"type":"cond-expr","locations":[{"start":{"line":12,"column":172},"end":{"line":12,"column":184}},{"start":{"line":12,"column":187},"end":{"line":12,"column":188}}],"line":12},"5":{"loc":{"start":{"line":12,"column":119},"end":{"line":12,"column":169}},"type":"binary-expr","locations":[{"start":{"line":12,"column":119},"end":{"line":12,"column":139}},{"start":{"line":12,"column":143},"end":{"line":12,"column":169}}],"line":12},"6":{"loc":{"start":{"line":12,"column":203},"end":{"line":12,"column":274}},"type":"cond-expr","locations":[{"start":{"line":12,"column":256},"end":{"line":12,"column":268}},{"start":{"line":12,"column":271},"end":{"line":12,"column":274}}],"line":12},"7":{"loc":{"start":{"line":12,"column":203},"end":{"line":12,"column":253}},"type":"binary-expr","locations":[{"start":{"line":12,"column":203},"end":{"line":12,"column":223}},{"start":{"line":12,"column":227},"end":{"line":12,"column":253}}],"line":12},"8":{"loc":{"start":{"line":27,"column":14},"end":{"line":27,"column":105}},"type":"cond-expr","locations":[{"start":{"line":27,"column":67},"end":{"line":27,"column":79}},{"start":{"line":27,"column":82},"end":{"line":27,"column":105}}],"line":27},"9":{"loc":{"start":{"line":27,"column":14},"end":{"line":27,"column":64}},"type":"binary-expr","locations":[{"start":{"line":27,"column":14},"end":{"line":27,"column":34}},{"start":{"line":27,"column":38},"end":{"line":27,"column":64}}],"line":27},"10":{"loc":{"start":{"line":27,"column":119},"end":{"line":27,"column":188}},"type":"cond-expr","locations":[{"start":{"line":27,"column":172},"end":{"line":27,"column":184}},{"start":{"line":27,"column":187},"end":{"line":27,"column":188}}],"line":27},"11":{"loc":{"start":{"line":27,"column":119},"end":{"line":27,"column":169}},"type":"binary-expr","locations":[{"start":{"line":27,"column":119},"end":{"line":27,"column":139}},{"start":{"line":27,"column":143},"end":{"line":27,"column":169}}],"line":27},"12":{"loc":{"start":{"line":27,"column":203},"end":{"line":27,"column":274}},"type":"cond-expr","locations":[{"start":{"line":27,"column":256},"end":{"line":27,"column":268}},{"start":{"line":27,"column":271},"end":{"line":27,"column":274}}],"line":27},"13":{"loc":{"start":{"line":27,"column":203},"end":{"line":27,"column":253}},"type":"binary-expr","locations":[{"start":{"line":27,"column":203},"end":{"line":27,"column":223}},{"start":{"line":27,"column":227},"end":{"line":27,"column":253}}],"line":27},"14":{"loc":{"start":{"line":43,"column":13},"end":{"line":43,"column":105}},"type":"cond-expr","locations":[{"start":{"line":43,"column":66},"end":{"line":43,"column":78}},{"start":{"line":43,"column":81},"end":{"line":43,"column":105}}],"line":43},"15":{"loc":{"start":{"line":43,"column":13},"end":{"line":43,"column":63}},"type":"binary-expr","locations":[{"start":{"line":43,"column":13},"end":{"line":43,"column":33}},{"start":{"line":43,"column":37},"end":{"line":43,"column":63}}],"line":43},"16":{"loc":{"start":{"line":43,"column":119},"end":{"line":43,"column":210}},"type":"cond-expr","locations":[{"start":{"line":43,"column":172},"end":{"line":43,"column":184}},{"start":{"line":43,"column":187},"end":{"line":43,"column":210}}],"line":43},"17":{"loc":{"start":{"line":43,"column":119},"end":{"line":43,"column":169}},"type":"binary-expr","locations":[{"start":{"line":43,"column":119},"end":{"line":43,"column":139}},{"start":{"line":43,"column":143},"end":{"line":43,"column":169}}],"line":43},"18":{"loc":{"start":{"line":43,"column":224},"end":{"line":43,"column":293}},"type":"cond-expr","locations":[{"start":{"line":43,"column":277},"end":{"line":43,"column":289}},{"start":{"line":43,"column":292},"end":{"line":43,"column":293}}],"line":43},"19":{"loc":{"start":{"line":43,"column":224},"end":{"line":43,"column":274}},"type":"binary-expr","locations":[{"start":{"line":43,"column":224},"end":{"line":43,"column":244}},{"start":{"line":43,"column":248},"end":{"line":43,"column":274}}],"line":43},"20":{"loc":{"start":{"line":43,"column":308},"end":{"line":43,"column":379}},"type":"cond-expr","locations":[{"start":{"line":43,"column":361},"end":{"line":43,"column":373}},{"start":{"line":43,"column":376},"end":{"line":43,"column":379}}],"line":43},"21":{"loc":{"start":{"line":43,"column":308},"end":{"line":43,"column":358}},"type":"binary-expr","locations":[{"start":{"line":43,"column":308},"end":{"line":43,"column":328}},{"start":{"line":43,"column":332},"end":{"line":43,"column":358}}],"line":43}},"s":{"0":1,"1":1,"2":1,"3":1,"4":1,"5":1,"6":1,"7":1,"8":1,"9":1,"10":1,"11":1,"12":1,"13":1,"14":0,"15":0,"16":0,"17":0,"18":0,"19":0,"20":0,"21":0,"22":0},"f":{"0":1,"1":1,"2":0,"3":0},"b":{"0":[1,0],"1":[1,1],"2":[0,1],"3":[1,0],"4":[0,1],"5":[1,0],"6":[0,1],"7":[1,0],"8":[0,0],"9":[0,0],"10":[0,0],"11":[0,0],"12":[0,0],"13":[0,0],"14":[0,0],"15":[0,0],"16":[0,0],"17":[0,0],"18":[0,0],"19":[0,0],"20":[0,0],"21":[0,0]},"inputSourceMap":null,"_coverageSchema":"1a1c01bbd47fc00a2c39e90264f33305004495a9","hash":"5ca987614557f413fb03421c93f889adf30dc6ce"}
,"/Users/thevijaysoni/Desktop/IntellectDemo/IntellectDemo/src/styles/responsiveStyles.js": {"path":"/Users/thevijaysoni/Desktop/IntellectDemo/IntellectDemo/src/styles/responsiveStyles.js","statementMap":{"0":{"start":{"line":1,"column":13},"end":{"line":1,"column":75}},"1":{"start":{"line":1,"column":75},"end":{"line":1,"column":231}},"2":{"start":{"line":1,"column":250},"end":{"line":1,"column":273}},"3":{"start":{"line":2,"column":22},"end":{"line":2,"column":59}},"4":{"start":{"line":2,"column":68},"end":{"line":2,"column":89}},"5":{"start":{"line":2,"column":99},"end":{"line":2,"column":121}},"6":{"start":{"line":2,"column":122},"end":{"line":2,"column":146}},"7":{"start":{"line":2,"column":146},"end":{"line":2,"column":168}},"8":{"start":{"line":4,"column":25},"end":{"line":4,"column":28}},"9":{"start":{"line":5,"column":26},"end":{"line":5,"column":29}},"10":{"start":{"line":7,"column":12},"end":{"line":7,"column":76}},"11":{"start":{"line":7,"column":34},"end":{"line":7,"column":75}},"12":{"start":{"line":7,"column":77},"end":{"line":7,"column":99}},"13":{"start":{"line":8,"column":20},"end":{"line":8,"column":94}},"14":{"start":{"line":8,"column":50},"end":{"line":8,"column":93}},"15":{"start":{"line":8,"column":95},"end":{"line":8,"column":133}},"16":{"start":{"line":9,"column":20},"end":{"line":9,"column":180}},"17":{"start":{"line":9,"column":63},"end":{"line":9,"column":134}},"18":{"start":{"line":9,"column":135},"end":{"line":9,"column":179}},"19":{"start":{"line":9,"column":181},"end":{"line":9,"column":219}},"20":{"start":{"line":10,"column":28},"end":{"line":10,"column":204}},"21":{"start":{"line":10,"column":79},"end":{"line":10,"column":150}},"22":{"start":{"line":10,"column":151},"end":{"line":10,"column":203}},"23":{"start":{"line":10,"column":205},"end":{"line":10,"column":259}},"24":{"start":{"line":11,"column":16},"end":{"line":24,"column":1}},"25":{"start":{"line":12,"column":21},"end":{"line":12,"column":65}},"26":{"start":{"line":14,"column":14},"end":{"line":14,"column":104}},"27":{"start":{"line":16,"column":21},"end":{"line":20,"column":14}},"28":{"start":{"line":22,"column":22},"end":{"line":22,"column":50}},"29":{"start":{"line":23,"column":2},"end":{"line":23,"column":35}},"30":{"start":{"line":24,"column":2},"end":{"line":24,"column":32}}},"fnMap":{"0":{"name":"scale","decl":{"start":{"line":7,"column":21},"end":{"line":7,"column":26}},"loc":{"start":{"line":7,"column":33},"end":{"line":7,"column":76}},"line":7},"1":{"name":"verticalScale","decl":{"start":{"line":8,"column":29},"end":{"line":8,"column":42}},"loc":{"start":{"line":8,"column":49},"end":{"line":8,"column":94}},"line":8},"2":{"name":"moderateScale","decl":{"start":{"line":9,"column":29},"end":{"line":9,"column":42}},"loc":{"start":{"line":9,"column":49},"end":{"line":9,"column":180}},"line":9},"3":{"name":"moderateScaleVertical","decl":{"start":{"line":10,"column":37},"end":{"line":10,"column":58}},"loc":{"start":{"line":10,"column":65},"end":{"line":10,"column":204}},"line":10},"4":{"name":"textScale","decl":{"start":{"line":11,"column":25},"end":{"line":11,"column":34}},"loc":{"start":{"line":11,"column":44},"end":{"line":24,"column":1}},"line":11}},"branchMap":{"0":{"loc":{"start":{"line":9,"column":63},"end":{"line":9,"column":134}},"type":"cond-expr","locations":[{"start":{"line":9,"column":116},"end":{"line":9,"column":128}},{"start":{"line":9,"column":131},"end":{"line":9,"column":134}}],"line":9},"1":{"loc":{"start":{"line":9,"column":63},"end":{"line":9,"column":113}},"type":"binary-expr","locations":[{"start":{"line":9,"column":63},"end":{"line":9,"column":83}},{"start":{"line":9,"column":87},"end":{"line":9,"column":113}}],"line":9},"2":{"loc":{"start":{"line":10,"column":79},"end":{"line":10,"column":150}},"type":"cond-expr","locations":[{"start":{"line":10,"column":132},"end":{"line":10,"column":144}},{"start":{"line":10,"column":147},"end":{"line":10,"column":150}}],"line":10},"3":{"loc":{"start":{"line":10,"column":79},"end":{"line":10,"column":129}},"type":"binary-expr","locations":[{"start":{"line":10,"column":79},"end":{"line":10,"column":99}},{"start":{"line":10,"column":103},"end":{"line":10,"column":129}}],"line":10},"4":{"loc":{"start":{"line":16,"column":21},"end":{"line":20,"column":14}},"type":"cond-expr","locations":[{"start":{"line":17,"column":2},"end":{"line":17,"column":45}},{"start":{"line":18,"column":2},"end":{"line":20,"column":14}}],"line":16},"5":{"loc":{"start":{"line":17,"column":18},"end":{"line":17,"column":44}},"type":"cond-expr","locations":[{"start":{"line":17,"column":32},"end":{"line":17,"column":37}},{"start":{"line":17,"column":40},"end":{"line":17,"column":44}}],"line":17},"6":{"loc":{"start":{"line":18,"column":2},"end":{"line":20,"column":14}},"type":"cond-expr","locations":[{"start":{"line":19,"column":2},"end":{"line":19,"column":53}},{"start":{"line":20,"column":2},"end":{"line":20,"column":14}}],"line":18}},"s":{"0":1,"1":1,"2":1,"3":1,"4":1,"5":1,"6":1,"7":1,"8":1,"9":1,"10":1,"11":75,"12":1,"13":1,"14":45,"15":1,"16":1,"17":46,"18":46,"19":1,"20":1,"21":2,"22":2,"23":1,"24":1,"25":6,"26":6,"27":6,"28":6,"29":6,"30":1},"f":{"0":75,"1":45,"2":46,"3":2,"4":6},"b":{"0":[0,46],"1":[46,0],"2":[0,2],"3":[2,0],"4":[6,0],"5":[0,6],"6":[0,0]},"inputSourceMap":null,"_coverageSchema":"1a1c01bbd47fc00a2c39e90264f33305004495a9","hash":"0077b9cfecc746faf57e14b47c2a268b7be1d73d"}
,"/Users/thevijaysoni/Desktop/IntellectDemo/IntellectDemo/src/styles/spacing.js": {"path":"/Users/thevijaysoni/Desktop/IntellectDemo/IntellectDemo/src/styles/spacing.js","statementMap":{"0":{"start":{"line":1,"column":13},"end":{"line":1,"column":75}},"1":{"start":{"line":1,"column":75},"end":{"line":1,"column":100}},"2":{"start":{"line":1,"column":119},"end":{"line":1,"column":142}},"3":{"start":{"line":5,"column":24},"end":{"line":5,"column":53}},"4":{"start":{"line":6,"column":22},"end":{"line":6,"column":59}},"5":{"start":{"line":6,"column":69},"end":{"line":6,"column":91}},"6":{"start":{"line":6,"column":100},"end":{"line":6,"column":121}},"7":{"start":{"line":8,"column":14},"end":{"line":134,"column":57}},"8":{"start":{"line":134,"column":58},"end":{"line":134,"column":84}}},"fnMap":{},"branchMap":{},"s":{"0":1,"1":1,"2":1,"3":1,"4":1,"5":1,"6":1,"7":1,"8":1},"f":{},"b":{},"inputSourceMap":null,"_coverageSchema":"1a1c01bbd47fc00a2c39e90264f33305004495a9","hash":"7a5eda71d95e7d0393f6f6c7fe3496099ba1e7e0"}
,"/Users/thevijaysoni/Desktop/IntellectDemo/IntellectDemo/src/styles/typography.js": {"path":"/Users/thevijaysoni/Desktop/IntellectDemo/IntellectDemo/src/styles/typography.js","statementMap":{"0":{"start":{"line":1,"column":13},"end":{"line":1,"column":75}},"1":{"start":{"line":1,"column":75},"end":{"line":1,"column":102}},"2":{"start":{"line":2,"column":16},"end":{"line":9,"column":36}},"3":{"start":{"line":9,"column":37},"end":{"line":9,"column":67}}},"fnMap":{},"branchMap":{},"s":{"0":1,"1":1,"2":1,"3":1},"f":{},"b":{},"inputSourceMap":null,"_coverageSchema":"1a1c01bbd47fc00a2c39e90264f33305004495a9","hash":"ed1300203179469e8ab0ee377c1185d8c6133454"}
,"/Users/thevijaysoni/Desktop/IntellectDemo/IntellectDemo/src/translation/english.js": {"path":"/Users/thevijaysoni/Desktop/IntellectDemo/IntellectDemo/src/translation/english.js","statementMap":{"0":{"start":{"line":1,"column":13},"end":{"line":1,"column":75}},"1":{"start":{"line":1,"column":75},"end":{"line":1,"column":100}},"2":{"start":{"line":1,"column":114},"end":{"line":9,"column":87}},"3":{"start":{"line":9,"column":88},"end":{"line":9,"column":114}}},"fnMap":{},"branchMap":{},"s":{"0":1,"1":1,"2":1,"3":1},"f":{},"b":{},"inputSourceMap":null,"_coverageSchema":"1a1c01bbd47fc00a2c39e90264f33305004495a9","hash":"6f60c1fe428f01c4111faeb81491bfd41fe6ae07"}
,"/Users/thevijaysoni/Desktop/IntellectDemo/IntellectDemo/src/translation/language.js": {"path":"/Users/thevijaysoni/Desktop/IntellectDemo/IntellectDemo/src/translation/language.js","statementMap":{"0":{"start":{"line":1,"column":13},"end":{"line":1,"column":75}},"1":{"start":{"line":1,"column":75},"end":{"line":1,"column":100}},"2":{"start":{"line":1,"column":131},"end":{"line":1,"column":191}},"3":{"start":{"line":2,"column":15},"end":{"line":2,"column":35}},"4":{"start":{"line":2,"column":74},"end":{"line":2,"column":128}},"5":{"start":{"line":4,"column":14},"end":{"line":6,"column":27}},"6":{"start":{"line":9,"column":0},"end":{"line":9,"column":7}},"7":{"start":{"line":9,"column":8},"end":{"line":9,"column":35}}},"fnMap":{"0":{"name":"_interopRequireDefault","decl":{"start":{"line":2,"column":45},"end":{"line":2,"column":67}},"loc":{"start":{"line":2,"column":73},"end":{"line":2,"column":129}},"line":2}},"branchMap":{"0":{"loc":{"start":{"line":2,"column":81},"end":{"line":2,"column":127}},"type":"cond-expr","locations":[{"start":{"line":2,"column":105},"end":{"line":2,"column":108}},{"start":{"line":2,"column":111},"end":{"line":2,"column":127}}],"line":2},"1":{"loc":{"start":{"line":2,"column":81},"end":{"line":2,"column":102}},"type":"binary-expr","locations":[{"start":{"line":2,"column":81},"end":{"line":2,"column":84}},{"start":{"line":2,"column":88},"end":{"line":2,"column":102}}],"line":2}},"s":{"0":1,"1":1,"2":1,"3":1,"4":1,"5":1,"6":1,"7":1},"f":{"0":1},"b":{"0":[1,0],"1":[1,1]},"inputSourceMap":null,"_coverageSchema":"1a1c01bbd47fc00a2c39e90264f33305004495a9","hash":"20486900332fdb6a2abda648fb1c9abc2de34c78"}
,"/Users/thevijaysoni/Desktop/IntellectDemo/IntellectDemo/src/utility/Colors.js": {"path":"/Users/thevijaysoni/Desktop/IntellectDemo/IntellectDemo/src/utility/Colors.js","statementMap":{"0":{"start":{"line":1,"column":13},"end":{"line":1,"column":75}},"1":{"start":{"line":1,"column":75},"end":{"line":1,"column":100}},"2":{"start":{"line":1,"column":113},"end":{"line":293,"column":20}},"3":{"start":{"line":296,"column":0},"end":{"line":296,"column":6}},"4":{"start":{"line":296,"column":7},"end":{"line":296,"column":34}}},"fnMap":{},"branchMap":{},"s":{"0":1,"1":1,"2":1,"3":1,"4":1},"f":{},"b":{},"inputSourceMap":null,"_coverageSchema":"1a1c01bbd47fc00a2c39e90264f33305004495a9","hash":"db49cea086c0919205a028688a35a812a563afa3"}
,"/Users/thevijaysoni/Desktop/IntellectDemo/IntellectDemo/src/utility/imageRes.js": {"path":"/Users/thevijaysoni/Desktop/IntellectDemo/IntellectDemo/src/utility/imageRes.js","statementMap":{"0":{"start":{"line":1,"column":13},"end":{"line":1,"column":75}},"1":{"start":{"line":1,"column":75},"end":{"line":1,"column":99}},"2":{"start":{"line":1,"column":112},"end":{"line":8,"column":44}},"3":{"start":{"line":8,"column":45},"end":{"line":8,"column":69}}},"fnMap":{},"branchMap":{},"s":{"0":1,"1":1,"2":1,"3":1},"f":{},"b":{},"inputSourceMap":null,"_coverageSchema":"1a1c01bbd47fc00a2c39e90264f33305004495a9","hash":"b8259556da5c8506ef35b2eb8df1cd7a8869128b"}
}
