TN:
SF:src/assets/images/1.png
FNF:0
FNH:0
DA:1,1
LF:1
LH:1
BRF:0
BRH:0
end_of_record
TN:
SF:src/assets/images/2.png
FNF:0
FNH:0
DA:1,1
LF:1
LH:1
BRF:0
BRH:0
end_of_record
TN:
SF:src/assets/images/3.png
FNF:0
FNH:0
DA:1,1
LF:1
LH:1
BRF:0
BRH:0
end_of_record
TN:
SF:src/assets/images/4.png
FNF:0
FNH:0
DA:1,1
LF:1
LH:1
BRF:0
BRH:0
end_of_record
TN:
SF:src/assets/images/5.png
FNF:0
FNH:0
DA:1,1
LF:1
LH:1
BRF:0
BRH:0
end_of_record
TN:
SF:src/assets/images/close.png
FNF:0
FNH:0
DA:1,1
LF:1
LH:1
BRF:0
BRH:0
end_of_record
TN:
SF:src/assets/images/logo.png
FNF:0
FNH:0
DA:1,1
LF:1
LH:1
BRF:0
BRH:0
end_of_record
TN:
SF:src/components/common/CommonButton.js
FN:7,_interopRequireDefault
FN:9,CommonButton
FN:18,onPress
FNF:3
FNH:2
FNDA:3,_interopRequireDefault
FNDA:1,CommonButton
FNDA:0,onPress
DA:1,1
DA:2,1
DA:3,1
DA:4,1
DA:5,1
DA:6,1
DA:7,3
DA:9,1
DA:10,1
DA:19,0
DA:20,0
DA:21,0
DA:43,1
DA:58,1
LF:14
LH:11
BRDA:7,0,0,2
BRDA:7,0,1,1
BRDA:7,1,0,3
BRDA:7,1,1,3
BRDA:16,2,0,0
BRDA:16,2,1,1
BRDA:19,3,0,0
BRDA:19,3,1,0
BRDA:20,4,0,0
BRDA:20,4,1,0
BRDA:27,5,0,1
BRDA:27,5,1,1
BRDA:35,6,0,1
BRDA:35,6,1,0
BRF:14
BRH:8
end_of_record
TN:
SF:src/components/common/CommonSlider.js
FN:6,_interopRequireDefault
FN:6,ownKeys
FN:6,(anonymous_2)
FN:6,_objectSpread
FN:6,(anonymous_4)
FN:6,(anonymous_5)
FN:6,_defineProperty
FN:8,CommonSlider
FN:21,onValueChange
FNF:9
FNH:6
FNDA:3,_interopRequireDefault
FNDA:1,ownKeys
FNDA:0,(anonymous_2)
FNDA:1,_objectSpread
FNDA:5,(anonymous_4)
FNDA:0,(anonymous_5)
FNDA:5,_defineProperty
FNDA:1,CommonSlider
FNDA:0,onValueChange
DA:1,1
DA:2,1
DA:3,1
DA:4,1
DA:5,1
DA:6,5
DA:8,1
DA:14,1
DA:16,1
DA:21,0
DA:35,1
LF:11
LH:10
BRDA:6,0,0,2
BRDA:6,0,1,1
BRDA:6,1,0,3
BRDA:6,1,1,3
BRDA:6,2,0,1
BRDA:6,2,1,0
BRDA:6,3,0,1
BRDA:6,3,1,1
BRDA:6,4,0,1
BRDA:6,4,1,0
BRDA:6,5,0,1
BRDA:6,5,1,0
BRDA:6,6,0,0
BRDA:6,6,1,0
BRDA:6,7,0,0
BRDA:6,7,1,5
BRF:16
BRH:10
end_of_record
TN:
SF:src/components/common/RegularText.js
FN:3,_getRequireWildcardCache
FN:3,_getRequireWildcardCache
FN:3,_interopRequireWildcard
FN:3,_slicedToArray
FN:3,_nonIterableRest
FN:3,_unsupportedIterableToArray
FN:3,_arrayLikeToArray
FN:3,_iterableToArrayLimit
FN:3,_arrayWithHoles
FN:5,RegularText
FNF:10
FNH:6
FNDA:1,_getRequireWildcardCache
FNDA:1,_getRequireWildcardCache
FNDA:1,_interopRequireWildcard
FNDA:4,_slicedToArray
FNDA:0,_nonIterableRest
FNDA:0,_unsupportedIterableToArray
FNDA:0,_arrayLikeToArray
FNDA:0,_iterableToArrayLimit
FNDA:4,_arrayWithHoles
FNDA:4,RegularText
DA:1,1
DA:2,1
DA:3,28
DA:5,1
DA:11,4
DA:13,4
DA:15,4
DA:35,1
DA:41,1
LF:9
LH:9
BRDA:3,0,0,0
BRDA:3,0,1,1
BRDA:3,1,0,0
BRDA:3,1,1,1
BRDA:3,2,0,0
BRDA:3,2,1,1
BRDA:3,3,0,1
BRDA:3,3,1,1
BRDA:3,3,2,1
BRDA:3,4,0,0
BRDA:3,4,1,1
BRDA:3,5,0,1
BRDA:3,5,1,1
BRDA:3,5,2,0
BRDA:3,6,0,0
BRDA:3,6,1,1
BRDA:3,7,0,1
BRDA:3,7,1,1
BRDA:3,8,0,1
BRDA:3,8,1,1
BRDA:3,9,0,28
BRDA:3,9,1,0
BRDA:3,10,0,28
BRDA:3,10,1,28
BRDA:3,11,0,28
BRDA:3,11,1,0
BRDA:3,12,0,0
BRDA:3,12,1,28
BRDA:3,13,0,28
BRDA:3,13,1,28
BRDA:3,13,2,28
BRDA:3,14,0,1
BRDA:3,14,1,0
BRDA:3,15,0,4
BRDA:3,15,1,0
BRDA:3,15,2,0
BRDA:3,15,3,0
BRDA:3,16,0,0
BRDA:3,16,1,0
BRDA:3,17,0,0
BRDA:3,17,1,0
BRDA:3,18,0,0
BRDA:3,18,1,0
BRDA:3,19,0,0
BRDA:3,19,1,0
BRDA:3,20,0,0
BRDA:3,20,1,0
BRDA:3,21,0,0
BRDA:3,21,1,0
BRDA:3,22,0,0
BRDA:3,22,1,0
BRDA:3,23,0,0
BRDA:3,23,1,0
BRDA:3,24,0,0
BRDA:3,24,1,0
BRDA:3,25,0,0
BRDA:3,25,1,0
BRDA:3,26,0,0
BRDA:3,26,1,0
BRDA:3,27,0,0
BRDA:3,27,1,0
BRDA:3,27,2,0
BRDA:3,28,0,0
BRDA:3,28,1,0
BRDA:3,29,0,0
BRDA:3,29,1,0
BRDA:3,30,0,0
BRDA:3,30,1,0
BRDA:3,31,0,0
BRDA:3,31,1,0
BRDA:3,32,0,0
BRDA:3,32,1,0
BRDA:3,33,0,0
BRDA:3,33,1,0
BRDA:3,34,0,4
BRDA:3,34,1,0
BRDA:18,35,0,0
BRDA:18,35,1,4
BRDA:22,36,0,3
BRDA:22,36,1,1
BRF:80
BRH:28
end_of_record
TN:
SF:src/components/rows/renderPageSecondButton.js
FN:5,_interopRequireDefault
FN:14,RenderButton
FN:18,onPressIn
FN:22,onPressOut
FN:44,onPress
FN:46,onPressOut
FNF:6
FNH:1
FNDA:2,_interopRequireDefault
FNDA:0,RenderButton
FNDA:0,onPressIn
FNDA:0,onPressOut
FNDA:0,onPress
FNDA:0,onPressOut
DA:1,1
DA:2,1
DA:3,1
DA:4,1
DA:5,2
DA:7,1
DA:8,1
DA:9,1
DA:10,1
DA:11,1
DA:12,1
DA:14,0
DA:16,0
DA:18,0
DA:19,0
DA:22,0
DA:23,0
DA:24,0
DA:27,0
DA:32,0
DA:39,0
DA:41,0
DA:46,0
DA:58,1
DA:71,1
LF:25
LH:13
BRDA:5,0,0,1
BRDA:5,0,1,1
BRDA:5,1,0,2
BRDA:5,1,1,2
BRDA:32,2,0,0
BRDA:32,2,1,0
BRDA:33,3,0,0
BRDA:33,3,1,0
BRDA:34,4,0,0
BRDA:34,4,1,0
BRDA:35,5,0,0
BRDA:35,5,1,0
BRDA:36,6,0,0
BRDA:36,6,1,0
BRDA:39,7,0,0
BRDA:39,7,1,0
BRDA:52,8,0,0
BRDA:52,8,1,0
BRF:18
BRH:4
end_of_record
TN:
SF:src/components/screens/homeScreen/index.js
FN:13,_interopRequireDefault
FN:13,_getRequireWildcardCache
FN:13,_getRequireWildcardCache
FN:13,_interopRequireWildcard
FN:13,_slicedToArray
FN:13,_nonIterableRest
FN:13,_unsupportedIterableToArray
FN:13,_arrayLikeToArray
FN:13,_iterableToArrayLimit
FN:13,_arrayWithHoles
FN:13,_objectDestructuringEmpty
FN:15,HomeScreen
FN:23,onPressNext
FN:60,onPressButton
FNF:14
FNH:8
FNDA:7,_interopRequireDefault
FNDA:1,_getRequireWildcardCache
FNDA:1,_getRequireWildcardCache
FNDA:1,_interopRequireWildcard
FNDA:4,_slicedToArray
FNDA:0,_nonIterableRest
FNDA:0,_unsupportedIterableToArray
FNDA:0,_arrayLikeToArray
FNDA:0,_iterableToArrayLimit
FNDA:4,_arrayWithHoles
FNDA:1,_objectDestructuringEmpty
FNDA:1,HomeScreen
FNDA:0,onPressNext
FNDA:0,onPressButton
DA:1,1
DA:2,1
DA:3,1
DA:4,1
DA:5,1
DA:6,1
DA:7,1
DA:8,1
DA:9,1
DA:10,1
DA:11,1
DA:12,1
DA:13,28
DA:15,1
DA:17,1
DA:18,1
DA:20,1
DA:21,1
DA:24,0
DA:25,0
DA:28,0
DA:32,1
DA:60,0
DA:66,1
DA:82,1
LF:25
LH:21
BRDA:13,0,0,7
BRDA:13,0,1,0
BRDA:13,1,0,7
BRDA:13,1,1,7
BRDA:13,2,0,0
BRDA:13,2,1,1
BRDA:13,3,0,0
BRDA:13,3,1,1
BRDA:13,4,0,0
BRDA:13,4,1,1
BRDA:13,5,0,1
BRDA:13,5,1,1
BRDA:13,5,2,1
BRDA:13,6,0,0
BRDA:13,6,1,1
BRDA:13,7,0,1
BRDA:13,7,1,1
BRDA:13,7,2,0
BRDA:13,8,0,0
BRDA:13,8,1,1
BRDA:13,9,0,1
BRDA:13,9,1,1
BRDA:13,10,0,1
BRDA:13,10,1,1
BRDA:13,11,0,28
BRDA:13,11,1,0
BRDA:13,12,0,28
BRDA:13,12,1,28
BRDA:13,13,0,28
BRDA:13,13,1,0
BRDA:13,14,0,0
BRDA:13,14,1,28
BRDA:13,15,0,28
BRDA:13,15,1,28
BRDA:13,15,2,28
BRDA:13,16,0,1
BRDA:13,16,1,0
BRDA:13,17,0,4
BRDA:13,17,1,0
BRDA:13,17,2,0
BRDA:13,17,3,0
BRDA:13,18,0,0
BRDA:13,18,1,0
BRDA:13,19,0,0
BRDA:13,19,1,0
BRDA:13,20,0,0
BRDA:13,20,1,0
BRDA:13,21,0,0
BRDA:13,21,1,0
BRDA:13,22,0,0
BRDA:13,22,1,0
BRDA:13,23,0,0
BRDA:13,23,1,0
BRDA:13,24,0,0
BRDA:13,24,1,0
BRDA:13,25,0,0
BRDA:13,25,1,0
BRDA:13,26,0,0
BRDA:13,26,1,0
BRDA:13,27,0,0
BRDA:13,27,1,0
BRDA:13,28,0,0
BRDA:13,28,1,0
BRDA:13,29,0,0
BRDA:13,29,1,0
BRDA:13,29,2,0
BRDA:13,30,0,0
BRDA:13,30,1,0
BRDA:13,31,0,0
BRDA:13,31,1,0
BRDA:13,32,0,0
BRDA:13,32,1,0
BRDA:13,33,0,0
BRDA:13,33,1,0
BRDA:13,34,0,0
BRDA:13,34,1,0
BRDA:13,35,0,0
BRDA:13,35,1,0
BRDA:13,36,0,4
BRDA:13,36,1,0
BRDA:13,37,0,0
BRDA:13,37,1,1
BRDA:24,38,0,0
BRDA:24,38,1,0
BRDA:45,39,0,1
BRDA:45,39,1,1
BRDA:49,40,0,1
BRDA:49,40,1,0
BRF:88
BRH:32
end_of_record
TN:
SF:src/components/screens/homeScreen/page1.js
FN:9,_interopRequireDefault
FN:11,PageFirst
FN:41,onSlidingComplete
FNF:3
FNH:2
FNDA:4,_interopRequireDefault
FNDA:1,PageFirst
FNDA:0,onSlidingComplete
DA:1,1
DA:2,1
DA:3,1
DA:4,1
DA:5,1
DA:6,1
DA:7,1
DA:8,1
DA:9,4
DA:11,1
DA:13,1
DA:49,1
DA:84,1
LF:13
LH:13
BRDA:9,0,0,3
BRDA:9,0,1,1
BRDA:9,1,0,4
BRDA:9,1,1,4
BRF:4
BRH:4
end_of_record
TN:
SF:src/components/screens/homeScreen/page2.js
FN:9,_interopRequireDefault
FN:11,PageSecond
FNF:2
FNH:1
FNDA:5,_interopRequireDefault
FNDA:0,PageSecond
DA:1,1
DA:2,1
DA:3,1
DA:4,1
DA:5,1
DA:6,1
DA:7,1
DA:8,1
DA:9,5
DA:11,1
DA:13,0
DA:17,0
DA:36,1
DA:49,1
LF:14
LH:12
BRDA:9,0,0,4
BRDA:9,0,1,1
BRDA:9,1,0,5
BRDA:9,1,1,5
BRDA:13,2,0,0
BRDA:13,2,1,0
BRDA:14,3,0,0
BRDA:14,3,1,0
BRDA:14,4,0,0
BRDA:14,4,1,0
BRDA:15,5,0,0
BRDA:15,5,1,0
BRF:12
BRH:4
end_of_record
TN:
SF:src/components/screens/homeScreen/pageIndicator.js
FN:4,_interopRequireDefault
FN:6,PageIndicator
FN:11,keyExtractor
FN:14,renderItem
FNF:4
FNH:4
FNDA:2,_interopRequireDefault
FNDA:1,PageIndicator
FNDA:5,keyExtractor
FNDA:5,renderItem
DA:1,1
DA:2,1
DA:3,1
DA:4,2
DA:6,1
DA:7,1
DA:11,5
DA:14,5
DA:15,5
DA:32,1
DA:42,1
LF:11
LH:11
BRDA:4,0,0,1
BRDA:4,0,1,1
BRDA:4,1,0,2
BRDA:4,1,1,2
BRDA:19,2,0,5
BRDA:19,2,1,1
BRF:6
BRH:6
end_of_record
TN:
SF:src/styles/Mixins.js
FN:3,_interopRequireDefault
FN:7,boxShadow
FN:22,boxShadowLess
FN:38,boxShadowTwo
FNF:4
FNH:2
FNDA:1,_interopRequireDefault
FNDA:1,boxShadow
FNDA:0,boxShadowLess
FNDA:0,boxShadowTwo
DA:1,1
DA:2,1
DA:3,1
DA:5,1
DA:12,1
DA:13,1
DA:27,0
DA:28,0
DA:43,0
DA:44,0
LF:10
LH:6
BRDA:3,0,0,1
BRDA:3,0,1,0
BRDA:3,1,0,1
BRDA:3,1,1,1
BRDA:12,2,0,0
BRDA:12,2,1,1
BRDA:12,3,0,1
BRDA:12,3,1,0
BRDA:12,4,0,0
BRDA:12,4,1,1
BRDA:12,5,0,1
BRDA:12,5,1,0
BRDA:12,6,0,0
BRDA:12,6,1,1
BRDA:12,7,0,1
BRDA:12,7,1,0
BRDA:27,8,0,0
BRDA:27,8,1,0
BRDA:27,9,0,0
BRDA:27,9,1,0
BRDA:27,10,0,0
BRDA:27,10,1,0
BRDA:27,11,0,0
BRDA:27,11,1,0
BRDA:27,12,0,0
BRDA:27,12,1,0
BRDA:27,13,0,0
BRDA:27,13,1,0
BRDA:43,14,0,0
BRDA:43,14,1,0
BRDA:43,15,0,0
BRDA:43,15,1,0
BRDA:43,16,0,0
BRDA:43,16,1,0
BRDA:43,17,0,0
BRDA:43,17,1,0
BRDA:43,18,0,0
BRDA:43,18,1,0
BRDA:43,19,0,0
BRDA:43,19,1,0
BRDA:43,20,0,0
BRDA:43,20,1,0
BRDA:43,21,0,0
BRDA:43,21,1,0
BRF:44
BRH:9
end_of_record
TN:
SF:src/styles/responsiveStyles.js
FN:7,scale
FN:8,verticalScale
FN:9,moderateScale
FN:10,moderateScaleVertical
FN:11,textScale
FNF:5
FNH:5
FNDA:75,scale
FNDA:45,verticalScale
FNDA:46,moderateScale
FNDA:2,moderateScaleVertical
FNDA:6,textScale
DA:1,1
DA:2,1
DA:4,1
DA:5,1
DA:7,75
DA:8,45
DA:9,46
DA:10,2
DA:11,1
DA:12,6
DA:14,6
DA:16,6
DA:22,6
DA:23,6
DA:24,1
LF:15
LH:15
BRDA:9,0,0,0
BRDA:9,0,1,46
BRDA:9,1,0,46
BRDA:9,1,1,0
BRDA:10,2,0,0
BRDA:10,2,1,2
BRDA:10,3,0,2
BRDA:10,3,1,0
BRDA:16,4,0,6
BRDA:16,4,1,0
BRDA:17,5,0,0
BRDA:17,5,1,6
BRDA:18,6,0,0
BRDA:18,6,1,0
BRF:14
BRH:6
end_of_record
TN:
SF:src/styles/spacing.js
FNF:0
FNH:0
DA:1,1
DA:5,1
DA:6,1
DA:8,1
DA:134,1
LF:5
LH:5
BRF:0
BRH:0
end_of_record
TN:
SF:src/styles/typography.js
FNF:0
FNH:0
DA:1,1
DA:2,1
DA:9,1
LF:3
LH:3
BRF:0
BRH:0
end_of_record
TN:
SF:src/translation/english.js
FNF:0
FNH:0
DA:1,1
DA:9,1
LF:2
LH:2
BRF:0
BRH:0
end_of_record
TN:
SF:src/translation/language.js
FN:2,_interopRequireDefault
FNF:1
FNH:1
FNDA:1,_interopRequireDefault
DA:1,1
DA:2,1
DA:4,1
DA:9,1
LF:4
LH:4
BRDA:2,0,0,1
BRDA:2,0,1,0
BRDA:2,1,0,1
BRDA:2,1,1,1
BRF:4
BRH:3
end_of_record
TN:
SF:src/utility/Colors.js
FNF:0
FNH:0
DA:1,1
DA:296,1
LF:2
LH:2
BRF:0
BRH:0
end_of_record
TN:
SF:src/utility/imageRes.js
FNF:0
FNH:0
DA:1,1
DA:8,1
LF:2
LH:2
BRF:0
BRH:0
end_of_record
